{"/home/julia/Workspace/pessoais/my-project/my-server/build/controllers/index.js": {"path":"/home/julia/Workspace/pessoais/my-project/my-server/build/controllers/index.js","statementMap":{"0":{"start":{"line":2,"column":4},"end":{"line":2,"column":26}},"1":{"start":{"line":4,"column":0},"end":{"line":4,"column":23}}},"fnMap":{"0":{"name":"julia","decl":{"start":{"line":1,"column":9},"end":{"line":1,"column":14}},"loc":{"start":{"line":1,"column":17},"end":{"line":3,"column":1}},"line":1}},"branchMap":{},"s":{"0":0,"1":1},"f":{"0":0},"b":{},"inputSourceMap":null,"_coverageSchema":"1a1c01bbd47fc00a2c39e90264f33305004495a9","hash":"2be8bedffe150eb462d89f600f47227db3d104a6"}
,"/home/julia/Workspace/pessoais/my-project/my-server/build/controllers/pollingProcess.js": {"path":"/home/julia/Workspace/pessoais/my-project/my-server/build/controllers/pollingProcess.js","statementMap":{"0":{"start":{"line":1,"column":16},"end":{"line":9,"column":1}},"1":{"start":{"line":2,"column":28},"end":{"line":2,"column":110}},"2":{"start":{"line":2,"column":91},"end":{"line":2,"column":106}},"3":{"start":{"line":3,"column":4},"end":{"line":8,"column":7}},"4":{"start":{"line":4,"column":36},"end":{"line":4,"column":97}},"5":{"start":{"line":4,"column":42},"end":{"line":4,"column":70}},"6":{"start":{"line":4,"column":85},"end":{"line":4,"column":95}},"7":{"start":{"line":5,"column":35},"end":{"line":5,"column":100}},"8":{"start":{"line":5,"column":41},"end":{"line":5,"column":73}},"9":{"start":{"line":5,"column":88},"end":{"line":5,"column":98}},"10":{"start":{"line":6,"column":32},"end":{"line":6,"column":116}},"11":{"start":{"line":7,"column":8},"end":{"line":7,"column":78}},"12":{"start":{"line":10,"column":18},"end":{"line":36,"column":1}},"13":{"start":{"line":11,"column":12},"end":{"line":11,"column":104}},"14":{"start":{"line":11,"column":43},"end":{"line":11,"column":68}},"15":{"start":{"line":11,"column":57},"end":{"line":11,"column":68}},"16":{"start":{"line":11,"column":69},"end":{"line":11,"column":81}},"17":{"start":{"line":12,"column":4},"end":{"line":12,"column":157}},"18":{"start":{"line":12,"column":138},"end":{"line":12,"column":150}},"19":{"start":{"line":13,"column":23},"end":{"line":13,"column":68}},"20":{"start":{"line":13,"column":45},"end":{"line":13,"column":65}},"21":{"start":{"line":15,"column":8},"end":{"line":15,"column":70}},"22":{"start":{"line":15,"column":15},"end":{"line":15,"column":70}},"23":{"start":{"line":16,"column":8},"end":{"line":33,"column":66}},"24":{"start":{"line":16,"column":18},"end":{"line":33,"column":66}},"25":{"start":{"line":17,"column":12},"end":{"line":17,"column":169}},"26":{"start":{"line":17,"column":160},"end":{"line":17,"column":169}},"27":{"start":{"line":18,"column":12},"end":{"line":18,"column":52}},"28":{"start":{"line":18,"column":26},"end":{"line":18,"column":52}},"29":{"start":{"line":19,"column":12},"end":{"line":31,"column":13}},"30":{"start":{"line":20,"column":32},"end":{"line":20,"column":39}},"31":{"start":{"line":20,"column":40},"end":{"line":20,"column":46}},"32":{"start":{"line":21,"column":24},"end":{"line":21,"column":34}},"33":{"start":{"line":21,"column":35},"end":{"line":21,"column":72}},"34":{"start":{"line":22,"column":24},"end":{"line":22,"column":34}},"35":{"start":{"line":22,"column":35},"end":{"line":22,"column":45}},"36":{"start":{"line":22,"column":46},"end":{"line":22,"column":55}},"37":{"start":{"line":22,"column":56},"end":{"line":22,"column":65}},"38":{"start":{"line":23,"column":24},"end":{"line":23,"column":41}},"39":{"start":{"line":23,"column":42},"end":{"line":23,"column":55}},"40":{"start":{"line":23,"column":56},"end":{"line":23,"column":65}},"41":{"start":{"line":25,"column":20},"end":{"line":25,"column":128}},"42":{"start":{"line":25,"column":110},"end":{"line":25,"column":116}},"43":{"start":{"line":25,"column":117},"end":{"line":25,"column":126}},"44":{"start":{"line":26,"column":20},"end":{"line":26,"column":106}},"45":{"start":{"line":26,"column":81},"end":{"line":26,"column":97}},"46":{"start":{"line":26,"column":98},"end":{"line":26,"column":104}},"47":{"start":{"line":27,"column":20},"end":{"line":27,"column":89}},"48":{"start":{"line":27,"column":57},"end":{"line":27,"column":72}},"49":{"start":{"line":27,"column":73},"end":{"line":27,"column":80}},"50":{"start":{"line":27,"column":81},"end":{"line":27,"column":87}},"51":{"start":{"line":28,"column":20},"end":{"line":28,"column":87}},"52":{"start":{"line":28,"column":47},"end":{"line":28,"column":62}},"53":{"start":{"line":28,"column":63},"end":{"line":28,"column":78}},"54":{"start":{"line":28,"column":79},"end":{"line":28,"column":85}},"55":{"start":{"line":29,"column":20},"end":{"line":29,"column":42}},"56":{"start":{"line":29,"column":30},"end":{"line":29,"column":42}},"57":{"start":{"line":30,"column":20},"end":{"line":30,"column":33}},"58":{"start":{"line":30,"column":34},"end":{"line":30,"column":43}},"59":{"start":{"line":32,"column":12},"end":{"line":32,"column":39}},"60":{"start":{"line":33,"column":22},"end":{"line":33,"column":34}},"61":{"start":{"line":33,"column":35},"end":{"line":33,"column":41}},"62":{"start":{"line":33,"column":54},"end":{"line":33,"column":64}},"63":{"start":{"line":34,"column":8},"end":{"line":34,"column":35}},"64":{"start":{"line":34,"column":23},"end":{"line":34,"column":35}},"65":{"start":{"line":34,"column":36},"end":{"line":34,"column":89}},"66":{"start":{"line":37,"column":0},"end":{"line":62,"column":2}},"67":{"start":{"line":38,"column":4},"end":{"line":38,"column":41}},"68":{"start":{"line":38,"column":28},"end":{"line":38,"column":39}},"69":{"start":{"line":39,"column":4},"end":{"line":61,"column":7}},"70":{"start":{"line":41,"column":8},"end":{"line":60,"column":11}},"71":{"start":{"line":42,"column":12},"end":{"line":59,"column":13}},"72":{"start":{"line":44,"column":20},"end":{"line":44,"column":46}},"73":{"start":{"line":45,"column":20},"end":{"line":47,"column":21}},"74":{"start":{"line":46,"column":24},"end":{"line":46,"column":87}},"75":{"start":{"line":48,"column":20},"end":{"line":48,"column":45}},"76":{"start":{"line":50,"column":20},"end":{"line":50,"column":49}},"77":{"start":{"line":51,"column":20},"end":{"line":53,"column":21}},"78":{"start":{"line":52,"column":24},"end":{"line":52,"column":58}},"79":{"start":{"line":54,"column":20},"end":{"line":54,"column":57}},"80":{"start":{"line":56,"column":20},"end":{"line":56,"column":38}},"81":{"start":{"line":57,"column":20},"end":{"line":57,"column":49}},"82":{"start":{"line":58,"column":24},"end":{"line":58,"column":35}},"83":{"start":{"line":63,"column":0},"end":{"line":87,"column":2}},"84":{"start":{"line":64,"column":4},"end":{"line":64,"column":45}},"85":{"start":{"line":64,"column":30},"end":{"line":64,"column":43}},"86":{"start":{"line":65,"column":4},"end":{"line":65,"column":41}},"87":{"start":{"line":65,"column":28},"end":{"line":65,"column":39}},"88":{"start":{"line":66,"column":4},"end":{"line":66,"column":43}},"89":{"start":{"line":66,"column":28},"end":{"line":66,"column":41}},"90":{"start":{"line":67,"column":4},"end":{"line":86,"column":7}},"91":{"start":{"line":69,"column":8},"end":{"line":85,"column":11}},"92":{"start":{"line":70,"column":12},"end":{"line":84,"column":13}},"93":{"start":{"line":72,"column":20},"end":{"line":72,"column":46}},"94":{"start":{"line":73,"column":20},"end":{"line":75,"column":21}},"95":{"start":{"line":74,"column":24},"end":{"line":74,"column":92}},"96":{"start":{"line":76,"column":20},"end":{"line":76,"column":61}},"97":{"start":{"line":78,"column":20},"end":{"line":78,"column":47}},"98":{"start":{"line":79,"column":20},"end":{"line":79,"column":55}},"99":{"start":{"line":81,"column":20},"end":{"line":81,"column":38}},"100":{"start":{"line":82,"column":20},"end":{"line":82,"column":49}},"101":{"start":{"line":83,"column":24},"end":{"line":83,"column":35}},"102":{"start":{"line":88,"column":0},"end":{"line":116,"column":2}},"103":{"start":{"line":89,"column":4},"end":{"line":89,"column":35}},"104":{"start":{"line":89,"column":25},"end":{"line":89,"column":33}},"105":{"start":{"line":90,"column":4},"end":{"line":90,"column":45}},"106":{"start":{"line":90,"column":30},"end":{"line":90,"column":43}},"107":{"start":{"line":91,"column":4},"end":{"line":91,"column":41}},"108":{"start":{"line":91,"column":28},"end":{"line":91,"column":39}},"109":{"start":{"line":92,"column":4},"end":{"line":92,"column":43}},"110":{"start":{"line":92,"column":28},"end":{"line":92,"column":41}},"111":{"start":{"line":93,"column":4},"end":{"line":115,"column":7}},"112":{"start":{"line":95,"column":8},"end":{"line":114,"column":11}},"113":{"start":{"line":96,"column":12},"end":{"line":113,"column":13}},"114":{"start":{"line":98,"column":20},"end":{"line":98,"column":46}},"115":{"start":{"line":99,"column":20},"end":{"line":101,"column":21}},"116":{"start":{"line":100,"column":24},"end":{"line":100,"column":92}},"117":{"start":{"line":102,"column":20},"end":{"line":102,"column":61}},"118":{"start":{"line":104,"column":20},"end":{"line":104,"column":49}},"119":{"start":{"line":105,"column":20},"end":{"line":107,"column":21}},"120":{"start":{"line":106,"column":24},"end":{"line":106,"column":58}},"121":{"start":{"line":108,"column":20},"end":{"line":108,"column":57}},"122":{"start":{"line":110,"column":20},"end":{"line":110,"column":38}},"123":{"start":{"line":111,"column":20},"end":{"line":111,"column":49}},"124":{"start":{"line":112,"column":24},"end":{"line":112,"column":35}},"125":{"start":{"line":117,"column":0},"end":{"line":144,"column":2}},"126":{"start":{"line":118,"column":4},"end":{"line":118,"column":35}},"127":{"start":{"line":118,"column":25},"end":{"line":118,"column":33}},"128":{"start":{"line":119,"column":4},"end":{"line":119,"column":41}},"129":{"start":{"line":119,"column":28},"end":{"line":119,"column":39}},"130":{"start":{"line":120,"column":4},"end":{"line":120,"column":43}},"131":{"start":{"line":120,"column":28},"end":{"line":120,"column":41}},"132":{"start":{"line":121,"column":4},"end":{"line":143,"column":7}},"133":{"start":{"line":123,"column":8},"end":{"line":142,"column":11}},"134":{"start":{"line":124,"column":12},"end":{"line":141,"column":13}},"135":{"start":{"line":126,"column":20},"end":{"line":126,"column":46}},"136":{"start":{"line":127,"column":20},"end":{"line":129,"column":21}},"137":{"start":{"line":128,"column":24},"end":{"line":128,"column":92}},"138":{"start":{"line":130,"column":20},"end":{"line":130,"column":52}},"139":{"start":{"line":132,"column":20},"end":{"line":132,"column":47}},"140":{"start":{"line":133,"column":20},"end":{"line":135,"column":21}},"141":{"start":{"line":134,"column":24},"end":{"line":134,"column":56}},"142":{"start":{"line":136,"column":20},"end":{"line":136,"column":55}},"143":{"start":{"line":138,"column":20},"end":{"line":138,"column":38}},"144":{"start":{"line":139,"column":20},"end":{"line":139,"column":49}},"145":{"start":{"line":140,"column":24},"end":{"line":140,"column":35}}},"fnMap":{"0":{"name":"(anonymous_0)","decl":{"start":{"line":1,"column":44},"end":{"line":1,"column":45}},"loc":{"start":{"line":1,"column":89},"end":{"line":9,"column":1}},"line":1},"1":{"name":"adopt","decl":{"start":{"line":2,"column":13},"end":{"line":2,"column":18}},"loc":{"start":{"line":2,"column":26},"end":{"line":2,"column":112}},"line":2},"2":{"name":"(anonymous_2)","decl":{"start":{"line":2,"column":70},"end":{"line":2,"column":71}},"loc":{"start":{"line":2,"column":89},"end":{"line":2,"column":108}},"line":2},"3":{"name":"(anonymous_3)","decl":{"start":{"line":3,"column":36},"end":{"line":3,"column":37}},"loc":{"start":{"line":3,"column":63},"end":{"line":8,"column":5}},"line":3},"4":{"name":"fulfilled","decl":{"start":{"line":4,"column":17},"end":{"line":4,"column":26}},"loc":{"start":{"line":4,"column":34},"end":{"line":4,"column":99}},"line":4},"5":{"name":"rejected","decl":{"start":{"line":5,"column":17},"end":{"line":5,"column":25}},"loc":{"start":{"line":5,"column":33},"end":{"line":5,"column":102}},"line":5},"6":{"name":"step","decl":{"start":{"line":6,"column":17},"end":{"line":6,"column":21}},"loc":{"start":{"line":6,"column":30},"end":{"line":6,"column":118}},"line":6},"7":{"name":"(anonymous_7)","decl":{"start":{"line":10,"column":48},"end":{"line":10,"column":49}},"loc":{"start":{"line":10,"column":73},"end":{"line":36,"column":1}},"line":10},"8":{"name":"(anonymous_8)","decl":{"start":{"line":11,"column":30},"end":{"line":11,"column":31}},"loc":{"start":{"line":11,"column":41},"end":{"line":11,"column":83}},"line":11},"9":{"name":"(anonymous_9)","decl":{"start":{"line":12,"column":125},"end":{"line":12,"column":126}},"loc":{"start":{"line":12,"column":136},"end":{"line":12,"column":152}},"line":12},"10":{"name":"verb","decl":{"start":{"line":13,"column":13},"end":{"line":13,"column":17}},"loc":{"start":{"line":13,"column":21},"end":{"line":13,"column":70}},"line":13},"11":{"name":"(anonymous_11)","decl":{"start":{"line":13,"column":30},"end":{"line":13,"column":31}},"loc":{"start":{"line":13,"column":43},"end":{"line":13,"column":67}},"line":13},"12":{"name":"step","decl":{"start":{"line":14,"column":13},"end":{"line":14,"column":17}},"loc":{"start":{"line":14,"column":22},"end":{"line":35,"column":5}},"line":14},"13":{"name":"getProcesses","decl":{"start":{"line":37,"column":32},"end":{"line":37,"column":44}},"loc":{"start":{"line":37,"column":52},"end":{"line":62,"column":1}},"line":37},"14":{"name":"(anonymous_14)","decl":{"start":{"line":39,"column":43},"end":{"line":39,"column":44}},"loc":{"start":{"line":39,"column":55},"end":{"line":61,"column":5}},"line":39},"15":{"name":"(anonymous_15)","decl":{"start":{"line":41,"column":33},"end":{"line":41,"column":34}},"loc":{"start":{"line":41,"column":47},"end":{"line":60,"column":9}},"line":41},"16":{"name":"insertProcess","decl":{"start":{"line":63,"column":33},"end":{"line":63,"column":46}},"loc":{"start":{"line":63,"column":70},"end":{"line":87,"column":1}},"line":63},"17":{"name":"(anonymous_17)","decl":{"start":{"line":67,"column":43},"end":{"line":67,"column":44}},"loc":{"start":{"line":67,"column":55},"end":{"line":86,"column":5}},"line":67},"18":{"name":"(anonymous_18)","decl":{"start":{"line":69,"column":33},"end":{"line":69,"column":34}},"loc":{"start":{"line":69,"column":47},"end":{"line":85,"column":9}},"line":69},"19":{"name":"updatedProcess","decl":{"start":{"line":88,"column":34},"end":{"line":88,"column":48}},"loc":{"start":{"line":88,"column":76},"end":{"line":116,"column":1}},"line":88},"20":{"name":"(anonymous_20)","decl":{"start":{"line":93,"column":43},"end":{"line":93,"column":44}},"loc":{"start":{"line":93,"column":55},"end":{"line":115,"column":5}},"line":93},"21":{"name":"(anonymous_21)","decl":{"start":{"line":95,"column":33},"end":{"line":95,"column":34}},"loc":{"start":{"line":95,"column":47},"end":{"line":114,"column":9}},"line":95},"22":{"name":"deleteProcessById","decl":{"start":{"line":117,"column":37},"end":{"line":117,"column":54}},"loc":{"start":{"line":117,"column":73},"end":{"line":144,"column":1}},"line":117},"23":{"name":"(anonymous_23)","decl":{"start":{"line":121,"column":43},"end":{"line":121,"column":44}},"loc":{"start":{"line":121,"column":55},"end":{"line":143,"column":5}},"line":121},"24":{"name":"(anonymous_24)","decl":{"start":{"line":123,"column":33},"end":{"line":123,"column":34}},"loc":{"start":{"line":123,"column":47},"end":{"line":142,"column":9}},"line":123}},"branchMap":{"0":{"loc":{"start":{"line":1,"column":16},"end":{"line":9,"column":1}},"type":"binary-expr","locations":[{"start":{"line":1,"column":17},"end":{"line":1,"column":21}},{"start":{"line":1,"column":25},"end":{"line":1,"column":39}},{"start":{"line":1,"column":44},"end":{"line":9,"column":1}}],"line":1},"1":{"loc":{"start":{"line":2,"column":35},"end":{"line":2,"column":109}},"type":"cond-expr","locations":[{"start":{"line":2,"column":56},"end":{"line":2,"column":61}},{"start":{"line":2,"column":64},"end":{"line":2,"column":109}}],"line":2},"2":{"loc":{"start":{"line":3,"column":16},"end":{"line":3,"column":34}},"type":"binary-expr","locations":[{"start":{"line":3,"column":16},"end":{"line":3,"column":17}},{"start":{"line":3,"column":22},"end":{"line":3,"column":33}}],"line":3},"3":{"loc":{"start":{"line":6,"column":32},"end":{"line":6,"column":115}},"type":"cond-expr","locations":[{"start":{"line":6,"column":46},"end":{"line":6,"column":67}},{"start":{"line":6,"column":70},"end":{"line":6,"column":115}}],"line":6},"4":{"loc":{"start":{"line":7,"column":51},"end":{"line":7,"column":67}},"type":"binary-expr","locations":[{"start":{"line":7,"column":51},"end":{"line":7,"column":61}},{"start":{"line":7,"column":65},"end":{"line":7,"column":67}}],"line":7},"5":{"loc":{"start":{"line":10,"column":18},"end":{"line":36,"column":1}},"type":"binary-expr","locations":[{"start":{"line":10,"column":19},"end":{"line":10,"column":23}},{"start":{"line":10,"column":27},"end":{"line":10,"column":43}},{"start":{"line":10,"column":48},"end":{"line":36,"column":1}}],"line":10},"6":{"loc":{"start":{"line":11,"column":43},"end":{"line":11,"column":68}},"type":"if","locations":[{"start":{"line":11,"column":43},"end":{"line":11,"column":68}},{"start":{"line":11,"column":43},"end":{"line":11,"column":68}}],"line":11},"7":{"loc":{"start":{"line":12,"column":71},"end":{"line":12,"column":153}},"type":"binary-expr","locations":[{"start":{"line":12,"column":71},"end":{"line":12,"column":99}},{"start":{"line":12,"column":104},"end":{"line":12,"column":152}}],"line":12},"8":{"loc":{"start":{"line":15,"column":8},"end":{"line":15,"column":70}},"type":"if","locations":[{"start":{"line":15,"column":8},"end":{"line":15,"column":70}},{"start":{"line":15,"column":8},"end":{"line":15,"column":70}}],"line":15},"9":{"loc":{"start":{"line":17,"column":12},"end":{"line":17,"column":169}},"type":"if","locations":[{"start":{"line":17,"column":12},"end":{"line":17,"column":169}},{"start":{"line":17,"column":12},"end":{"line":17,"column":169}}],"line":17},"10":{"loc":{"start":{"line":17,"column":23},"end":{"line":17,"column":158}},"type":"binary-expr","locations":[{"start":{"line":17,"column":23},"end":{"line":17,"column":24}},{"start":{"line":17,"column":29},"end":{"line":17,"column":125}},{"start":{"line":17,"column":130},"end":{"line":17,"column":158}}],"line":17},"11":{"loc":{"start":{"line":17,"column":33},"end":{"line":17,"column":125}},"type":"cond-expr","locations":[{"start":{"line":17,"column":45},"end":{"line":17,"column":56}},{"start":{"line":17,"column":59},"end":{"line":17,"column":125}}],"line":17},"12":{"loc":{"start":{"line":17,"column":59},"end":{"line":17,"column":125}},"type":"cond-expr","locations":[{"start":{"line":17,"column":67},"end":{"line":17,"column":116}},{"start":{"line":17,"column":119},"end":{"line":17,"column":125}}],"line":17},"13":{"loc":{"start":{"line":17,"column":67},"end":{"line":17,"column":116}},"type":"binary-expr","locations":[{"start":{"line":17,"column":67},"end":{"line":17,"column":77}},{"start":{"line":17,"column":82},"end":{"line":17,"column":115}}],"line":17},"14":{"loc":{"start":{"line":17,"column":82},"end":{"line":17,"column":112}},"type":"binary-expr","locations":[{"start":{"line":17,"column":83},"end":{"line":17,"column":98}},{"start":{"line":17,"column":103},"end":{"line":17,"column":112}}],"line":17},"15":{"loc":{"start":{"line":18,"column":12},"end":{"line":18,"column":52}},"type":"if","locations":[{"start":{"line":18,"column":12},"end":{"line":18,"column":52}},{"start":{"line":18,"column":12},"end":{"line":18,"column":52}}],"line":18},"16":{"loc":{"start":{"line":19,"column":12},"end":{"line":31,"column":13}},"type":"switch","locations":[{"start":{"line":20,"column":16},"end":{"line":20,"column":23}},{"start":{"line":20,"column":24},"end":{"line":20,"column":46}},{"start":{"line":21,"column":16},"end":{"line":21,"column":72}},{"start":{"line":22,"column":16},"end":{"line":22,"column":65}},{"start":{"line":23,"column":16},"end":{"line":23,"column":65}},{"start":{"line":24,"column":16},"end":{"line":30,"column":43}}],"line":19},"17":{"loc":{"start":{"line":25,"column":20},"end":{"line":25,"column":128}},"type":"if","locations":[{"start":{"line":25,"column":20},"end":{"line":25,"column":128}},{"start":{"line":25,"column":20},"end":{"line":25,"column":128}}],"line":25},"18":{"loc":{"start":{"line":25,"column":24},"end":{"line":25,"column":106}},"type":"binary-expr","locations":[{"start":{"line":25,"column":24},"end":{"line":25,"column":74}},{"start":{"line":25,"column":79},"end":{"line":25,"column":90}},{"start":{"line":25,"column":94},"end":{"line":25,"column":105}}],"line":25},"19":{"loc":{"start":{"line":25,"column":42},"end":{"line":25,"column":73}},"type":"binary-expr","locations":[{"start":{"line":25,"column":42},"end":{"line":25,"column":54}},{"start":{"line":25,"column":58},"end":{"line":25,"column":73}}],"line":25},"20":{"loc":{"start":{"line":26,"column":20},"end":{"line":26,"column":106}},"type":"if","locations":[{"start":{"line":26,"column":20},"end":{"line":26,"column":106}},{"start":{"line":26,"column":20},"end":{"line":26,"column":106}}],"line":26},"21":{"loc":{"start":{"line":26,"column":24},"end":{"line":26,"column":77}},"type":"binary-expr","locations":[{"start":{"line":26,"column":24},"end":{"line":26,"column":35}},{"start":{"line":26,"column":40},"end":{"line":26,"column":42}},{"start":{"line":26,"column":47},"end":{"line":26,"column":59}},{"start":{"line":26,"column":63},"end":{"line":26,"column":75}}],"line":26},"22":{"loc":{"start":{"line":27,"column":20},"end":{"line":27,"column":89}},"type":"if","locations":[{"start":{"line":27,"column":20},"end":{"line":27,"column":89}},{"start":{"line":27,"column":20},"end":{"line":27,"column":89}}],"line":27},"23":{"loc":{"start":{"line":27,"column":24},"end":{"line":27,"column":53}},"type":"binary-expr","locations":[{"start":{"line":27,"column":24},"end":{"line":27,"column":35}},{"start":{"line":27,"column":39},"end":{"line":27,"column":53}}],"line":27},"24":{"loc":{"start":{"line":28,"column":20},"end":{"line":28,"column":87}},"type":"if","locations":[{"start":{"line":28,"column":20},"end":{"line":28,"column":87}},{"start":{"line":28,"column":20},"end":{"line":28,"column":87}}],"line":28},"25":{"loc":{"start":{"line":28,"column":24},"end":{"line":28,"column":43}},"type":"binary-expr","locations":[{"start":{"line":28,"column":24},"end":{"line":28,"column":25}},{"start":{"line":28,"column":29},"end":{"line":28,"column":43}}],"line":28},"26":{"loc":{"start":{"line":29,"column":20},"end":{"line":29,"column":42}},"type":"if","locations":[{"start":{"line":29,"column":20},"end":{"line":29,"column":42}},{"start":{"line":29,"column":20},"end":{"line":29,"column":42}}],"line":29},"27":{"loc":{"start":{"line":34,"column":8},"end":{"line":34,"column":35}},"type":"if","locations":[{"start":{"line":34,"column":8},"end":{"line":34,"column":35}},{"start":{"line":34,"column":8},"end":{"line":34,"column":35}}],"line":34},"28":{"loc":{"start":{"line":34,"column":52},"end":{"line":34,"column":74}},"type":"cond-expr","locations":[{"start":{"line":34,"column":60},"end":{"line":34,"column":65}},{"start":{"line":34,"column":68},"end":{"line":34,"column":74}}],"line":34},"29":{"loc":{"start":{"line":38,"column":4},"end":{"line":38,"column":41}},"type":"if","locations":[{"start":{"line":38,"column":4},"end":{"line":38,"column":41}},{"start":{"line":38,"column":4},"end":{"line":38,"column":41}}],"line":38},"30":{"loc":{"start":{"line":42,"column":12},"end":{"line":59,"column":13}},"type":"switch","locations":[{"start":{"line":43,"column":16},"end":{"line":48,"column":45}},{"start":{"line":49,"column":16},"end":{"line":54,"column":57}},{"start":{"line":55,"column":16},"end":{"line":57,"column":49}},{"start":{"line":58,"column":16},"end":{"line":58,"column":35}}],"line":42},"31":{"loc":{"start":{"line":45,"column":20},"end":{"line":47,"column":21}},"type":"if","locations":[{"start":{"line":45,"column":20},"end":{"line":47,"column":21}},{"start":{"line":45,"column":20},"end":{"line":47,"column":21}}],"line":45},"32":{"loc":{"start":{"line":51,"column":20},"end":{"line":53,"column":21}},"type":"if","locations":[{"start":{"line":51,"column":20},"end":{"line":53,"column":21}},{"start":{"line":51,"column":20},"end":{"line":53,"column":21}}],"line":51},"33":{"loc":{"start":{"line":64,"column":4},"end":{"line":64,"column":45}},"type":"if","locations":[{"start":{"line":64,"column":4},"end":{"line":64,"column":45}},{"start":{"line":64,"column":4},"end":{"line":64,"column":45}}],"line":64},"34":{"loc":{"start":{"line":65,"column":4},"end":{"line":65,"column":41}},"type":"if","locations":[{"start":{"line":65,"column":4},"end":{"line":65,"column":41}},{"start":{"line":65,"column":4},"end":{"line":65,"column":41}}],"line":65},"35":{"loc":{"start":{"line":66,"column":4},"end":{"line":66,"column":43}},"type":"if","locations":[{"start":{"line":66,"column":4},"end":{"line":66,"column":43}},{"start":{"line":66,"column":4},"end":{"line":66,"column":43}}],"line":66},"36":{"loc":{"start":{"line":70,"column":12},"end":{"line":84,"column":13}},"type":"switch","locations":[{"start":{"line":71,"column":16},"end":{"line":76,"column":61}},{"start":{"line":77,"column":16},"end":{"line":79,"column":55}},{"start":{"line":80,"column":16},"end":{"line":82,"column":49}},{"start":{"line":83,"column":16},"end":{"line":83,"column":35}}],"line":70},"37":{"loc":{"start":{"line":73,"column":20},"end":{"line":75,"column":21}},"type":"if","locations":[{"start":{"line":73,"column":20},"end":{"line":75,"column":21}},{"start":{"line":73,"column":20},"end":{"line":75,"column":21}}],"line":73},"38":{"loc":{"start":{"line":89,"column":4},"end":{"line":89,"column":35}},"type":"if","locations":[{"start":{"line":89,"column":4},"end":{"line":89,"column":35}},{"start":{"line":89,"column":4},"end":{"line":89,"column":35}}],"line":89},"39":{"loc":{"start":{"line":90,"column":4},"end":{"line":90,"column":45}},"type":"if","locations":[{"start":{"line":90,"column":4},"end":{"line":90,"column":45}},{"start":{"line":90,"column":4},"end":{"line":90,"column":45}}],"line":90},"40":{"loc":{"start":{"line":91,"column":4},"end":{"line":91,"column":41}},"type":"if","locations":[{"start":{"line":91,"column":4},"end":{"line":91,"column":41}},{"start":{"line":91,"column":4},"end":{"line":91,"column":41}}],"line":91},"41":{"loc":{"start":{"line":92,"column":4},"end":{"line":92,"column":43}},"type":"if","locations":[{"start":{"line":92,"column":4},"end":{"line":92,"column":43}},{"start":{"line":92,"column":4},"end":{"line":92,"column":43}}],"line":92},"42":{"loc":{"start":{"line":96,"column":12},"end":{"line":113,"column":13}},"type":"switch","locations":[{"start":{"line":97,"column":16},"end":{"line":102,"column":61}},{"start":{"line":103,"column":16},"end":{"line":108,"column":57}},{"start":{"line":109,"column":16},"end":{"line":111,"column":49}},{"start":{"line":112,"column":16},"end":{"line":112,"column":35}}],"line":96},"43":{"loc":{"start":{"line":99,"column":20},"end":{"line":101,"column":21}},"type":"if","locations":[{"start":{"line":99,"column":20},"end":{"line":101,"column":21}},{"start":{"line":99,"column":20},"end":{"line":101,"column":21}}],"line":99},"44":{"loc":{"start":{"line":105,"column":20},"end":{"line":107,"column":21}},"type":"if","locations":[{"start":{"line":105,"column":20},"end":{"line":107,"column":21}},{"start":{"line":105,"column":20},"end":{"line":107,"column":21}}],"line":105},"45":{"loc":{"start":{"line":118,"column":4},"end":{"line":118,"column":35}},"type":"if","locations":[{"start":{"line":118,"column":4},"end":{"line":118,"column":35}},{"start":{"line":118,"column":4},"end":{"line":118,"column":35}}],"line":118},"46":{"loc":{"start":{"line":119,"column":4},"end":{"line":119,"column":41}},"type":"if","locations":[{"start":{"line":119,"column":4},"end":{"line":119,"column":41}},{"start":{"line":119,"column":4},"end":{"line":119,"column":41}}],"line":119},"47":{"loc":{"start":{"line":120,"column":4},"end":{"line":120,"column":43}},"type":"if","locations":[{"start":{"line":120,"column":4},"end":{"line":120,"column":43}},{"start":{"line":120,"column":4},"end":{"line":120,"column":43}}],"line":120},"48":{"loc":{"start":{"line":124,"column":12},"end":{"line":141,"column":13}},"type":"switch","locations":[{"start":{"line":125,"column":16},"end":{"line":130,"column":52}},{"start":{"line":131,"column":16},"end":{"line":136,"column":55}},{"start":{"line":137,"column":16},"end":{"line":139,"column":49}},{"start":{"line":140,"column":16},"end":{"line":140,"column":35}}],"line":124},"49":{"loc":{"start":{"line":127,"column":20},"end":{"line":129,"column":21}},"type":"if","locations":[{"start":{"line":127,"column":20},"end":{"line":129,"column":21}},{"start":{"line":127,"column":20},"end":{"line":129,"column":21}}],"line":127},"50":{"loc":{"start":{"line":133,"column":20},"end":{"line":135,"column":21}},"type":"if","locations":[{"start":{"line":133,"column":20},"end":{"line":135,"column":21}},{"start":{"line":133,"column":20},"end":{"line":135,"column":21}}],"line":133}},"s":{"0":1,"1":5,"2":0,"3":12,"4":5,"5":5,"6":0,"7":0,"8":0,"9":0,"10":17,"11":12,"12":1,"13":12,"14":12,"15":0,"16":12,"17":12,"18":0,"19":36,"20":17,"21":17,"22":0,"23":17,"24":53,"25":53,"26":0,"27":53,"28":0,"29":53,"30":17,"31":17,"32":5,"33":5,"34":0,"35":0,"36":0,"37":0,"38":0,"39":0,"40":0,"41":31,"42":12,"43":12,"44":19,"45":0,"46":0,"47":19,"48":7,"49":7,"50":7,"51":12,"52":0,"53":0,"54":0,"55":12,"56":0,"57":12,"58":12,"59":24,"60":7,"61":7,"62":53,"63":12,"64":0,"65":12,"66":1,"67":2,"68":0,"69":2,"70":2,"71":4,"72":2,"73":2,"74":1,"75":1,"76":1,"77":1,"78":0,"79":1,"80":1,"81":1,"82":0,"83":1,"84":4,"85":0,"86":4,"87":2,"88":4,"89":3,"90":4,"91":4,"92":8,"93":4,"94":4,"95":2,"96":2,"97":2,"98":2,"99":2,"100":2,"101":0,"102":1,"103":3,"104":0,"105":3,"106":0,"107":3,"108":2,"109":3,"110":3,"111":3,"112":3,"113":6,"114":3,"115":3,"116":2,"117":1,"118":1,"119":1,"120":0,"121":1,"122":2,"123":2,"124":0,"125":1,"126":3,"127":0,"128":3,"129":1,"130":3,"131":3,"132":3,"133":3,"134":6,"135":3,"136":3,"137":2,"138":1,"139":1,"140":1,"141":0,"142":1,"143":2,"144":2,"145":0},"f":{"0":12,"1":5,"2":0,"3":12,"4":5,"5":0,"6":17,"7":12,"8":12,"9":0,"10":36,"11":17,"12":17,"13":2,"14":2,"15":4,"16":4,"17":4,"18":8,"19":3,"20":3,"21":6,"22":3,"23":3,"24":6},"b":{"0":[1,1,1],"1":[5,0],"2":[12,12],"3":[12,5],"4":[12,12],"5":[1,1,1],"6":[0,12],"7":[12,12],"8":[0,17],"9":[0,53],"10":[53,0,0],"11":[0,0],"12":[0,0],"13":[0,0],"14":[0,0],"15":[0,53],"16":[17,17,5,0,0,31],"17":[12,19],"18":[31,12,12],"19":[31,19],"20":[0,19],"21":[19,0,0,0],"22":[7,12],"23":[19,7],"24":[0,12],"25":[12,12],"26":[0,12],"27":[0,12],"28":[12,0],"29":[0,2],"30":[2,1,1,0],"31":[1,1],"32":[0,1],"33":[0,4],"34":[2,2],"35":[3,1],"36":[4,2,2,0],"37":[2,2],"38":[0,3],"39":[0,3],"40":[2,1],"41":[3,0],"42":[3,1,2,0],"43":[2,1],"44":[0,1],"45":[0,3],"46":[1,2],"47":[3,0],"48":[3,1,2,0],"49":[2,1],"50":[0,1]},"inputSourceMap":null,"_coverageSchema":"1a1c01bbd47fc00a2c39e90264f33305004495a9","hash":"69c9975ea246c1e12b8a3f169904becb7d3c0377"}
,"/home/julia/Workspace/pessoais/my-project/my-server/build/controllers/restaurant.js": {"path":"/home/julia/Workspace/pessoais/my-project/my-server/build/controllers/restaurant.js","statementMap":{"0":{"start":{"line":1,"column":16},"end":{"line":9,"column":1}},"1":{"start":{"line":2,"column":28},"end":{"line":2,"column":110}},"2":{"start":{"line":2,"column":91},"end":{"line":2,"column":106}},"3":{"start":{"line":3,"column":4},"end":{"line":8,"column":7}},"4":{"start":{"line":4,"column":36},"end":{"line":4,"column":97}},"5":{"start":{"line":4,"column":42},"end":{"line":4,"column":70}},"6":{"start":{"line":4,"column":85},"end":{"line":4,"column":95}},"7":{"start":{"line":5,"column":35},"end":{"line":5,"column":100}},"8":{"start":{"line":5,"column":41},"end":{"line":5,"column":73}},"9":{"start":{"line":5,"column":88},"end":{"line":5,"column":98}},"10":{"start":{"line":6,"column":32},"end":{"line":6,"column":116}},"11":{"start":{"line":7,"column":8},"end":{"line":7,"column":78}},"12":{"start":{"line":10,"column":18},"end":{"line":36,"column":1}},"13":{"start":{"line":11,"column":12},"end":{"line":11,"column":104}},"14":{"start":{"line":11,"column":43},"end":{"line":11,"column":68}},"15":{"start":{"line":11,"column":57},"end":{"line":11,"column":68}},"16":{"start":{"line":11,"column":69},"end":{"line":11,"column":81}},"17":{"start":{"line":12,"column":4},"end":{"line":12,"column":157}},"18":{"start":{"line":12,"column":138},"end":{"line":12,"column":150}},"19":{"start":{"line":13,"column":23},"end":{"line":13,"column":68}},"20":{"start":{"line":13,"column":45},"end":{"line":13,"column":65}},"21":{"start":{"line":15,"column":8},"end":{"line":15,"column":70}},"22":{"start":{"line":15,"column":15},"end":{"line":15,"column":70}},"23":{"start":{"line":16,"column":8},"end":{"line":33,"column":66}},"24":{"start":{"line":16,"column":18},"end":{"line":33,"column":66}},"25":{"start":{"line":17,"column":12},"end":{"line":17,"column":169}},"26":{"start":{"line":17,"column":160},"end":{"line":17,"column":169}},"27":{"start":{"line":18,"column":12},"end":{"line":18,"column":52}},"28":{"start":{"line":18,"column":26},"end":{"line":18,"column":52}},"29":{"start":{"line":19,"column":12},"end":{"line":31,"column":13}},"30":{"start":{"line":20,"column":32},"end":{"line":20,"column":39}},"31":{"start":{"line":20,"column":40},"end":{"line":20,"column":46}},"32":{"start":{"line":21,"column":24},"end":{"line":21,"column":34}},"33":{"start":{"line":21,"column":35},"end":{"line":21,"column":72}},"34":{"start":{"line":22,"column":24},"end":{"line":22,"column":34}},"35":{"start":{"line":22,"column":35},"end":{"line":22,"column":45}},"36":{"start":{"line":22,"column":46},"end":{"line":22,"column":55}},"37":{"start":{"line":22,"column":56},"end":{"line":22,"column":65}},"38":{"start":{"line":23,"column":24},"end":{"line":23,"column":41}},"39":{"start":{"line":23,"column":42},"end":{"line":23,"column":55}},"40":{"start":{"line":23,"column":56},"end":{"line":23,"column":65}},"41":{"start":{"line":25,"column":20},"end":{"line":25,"column":128}},"42":{"start":{"line":25,"column":110},"end":{"line":25,"column":116}},"43":{"start":{"line":25,"column":117},"end":{"line":25,"column":126}},"44":{"start":{"line":26,"column":20},"end":{"line":26,"column":106}},"45":{"start":{"line":26,"column":81},"end":{"line":26,"column":97}},"46":{"start":{"line":26,"column":98},"end":{"line":26,"column":104}},"47":{"start":{"line":27,"column":20},"end":{"line":27,"column":89}},"48":{"start":{"line":27,"column":57},"end":{"line":27,"column":72}},"49":{"start":{"line":27,"column":73},"end":{"line":27,"column":80}},"50":{"start":{"line":27,"column":81},"end":{"line":27,"column":87}},"51":{"start":{"line":28,"column":20},"end":{"line":28,"column":87}},"52":{"start":{"line":28,"column":47},"end":{"line":28,"column":62}},"53":{"start":{"line":28,"column":63},"end":{"line":28,"column":78}},"54":{"start":{"line":28,"column":79},"end":{"line":28,"column":85}},"55":{"start":{"line":29,"column":20},"end":{"line":29,"column":42}},"56":{"start":{"line":29,"column":30},"end":{"line":29,"column":42}},"57":{"start":{"line":30,"column":20},"end":{"line":30,"column":33}},"58":{"start":{"line":30,"column":34},"end":{"line":30,"column":43}},"59":{"start":{"line":32,"column":12},"end":{"line":32,"column":39}},"60":{"start":{"line":33,"column":22},"end":{"line":33,"column":34}},"61":{"start":{"line":33,"column":35},"end":{"line":33,"column":41}},"62":{"start":{"line":33,"column":54},"end":{"line":33,"column":64}},"63":{"start":{"line":34,"column":8},"end":{"line":34,"column":35}},"64":{"start":{"line":34,"column":23},"end":{"line":34,"column":35}},"65":{"start":{"line":34,"column":36},"end":{"line":34,"column":89}},"66":{"start":{"line":37,"column":0},"end":{"line":62,"column":2}},"67":{"start":{"line":38,"column":4},"end":{"line":38,"column":41}},"68":{"start":{"line":38,"column":28},"end":{"line":38,"column":39}},"69":{"start":{"line":39,"column":4},"end":{"line":61,"column":7}},"70":{"start":{"line":41,"column":8},"end":{"line":60,"column":11}},"71":{"start":{"line":42,"column":12},"end":{"line":59,"column":13}},"72":{"start":{"line":44,"column":20},"end":{"line":44,"column":46}},"73":{"start":{"line":45,"column":20},"end":{"line":47,"column":21}},"74":{"start":{"line":46,"column":24},"end":{"line":46,"column":87}},"75":{"start":{"line":48,"column":20},"end":{"line":48,"column":45}},"76":{"start":{"line":50,"column":20},"end":{"line":50,"column":44}},"77":{"start":{"line":51,"column":20},"end":{"line":53,"column":21}},"78":{"start":{"line":52,"column":24},"end":{"line":52,"column":53}},"79":{"start":{"line":54,"column":20},"end":{"line":54,"column":52}},"80":{"start":{"line":56,"column":20},"end":{"line":56,"column":38}},"81":{"start":{"line":57,"column":20},"end":{"line":57,"column":49}},"82":{"start":{"line":58,"column":24},"end":{"line":58,"column":35}},"83":{"start":{"line":63,"column":0},"end":{"line":87,"column":2}},"84":{"start":{"line":64,"column":4},"end":{"line":64,"column":51}},"85":{"start":{"line":64,"column":33},"end":{"line":64,"column":49}},"86":{"start":{"line":65,"column":4},"end":{"line":65,"column":41}},"87":{"start":{"line":65,"column":28},"end":{"line":65,"column":39}},"88":{"start":{"line":66,"column":4},"end":{"line":66,"column":43}},"89":{"start":{"line":66,"column":28},"end":{"line":66,"column":41}},"90":{"start":{"line":67,"column":4},"end":{"line":86,"column":7}},"91":{"start":{"line":69,"column":8},"end":{"line":85,"column":11}},"92":{"start":{"line":70,"column":12},"end":{"line":84,"column":13}},"93":{"start":{"line":72,"column":20},"end":{"line":72,"column":46}},"94":{"start":{"line":73,"column":20},"end":{"line":75,"column":21}},"95":{"start":{"line":74,"column":24},"end":{"line":74,"column":92}},"96":{"start":{"line":76,"column":20},"end":{"line":76,"column":64}},"97":{"start":{"line":78,"column":20},"end":{"line":78,"column":50}},"98":{"start":{"line":79,"column":20},"end":{"line":79,"column":58}},"99":{"start":{"line":81,"column":20},"end":{"line":81,"column":38}},"100":{"start":{"line":82,"column":20},"end":{"line":82,"column":49}},"101":{"start":{"line":83,"column":24},"end":{"line":83,"column":35}},"102":{"start":{"line":88,"column":0},"end":{"line":116,"column":2}},"103":{"start":{"line":89,"column":4},"end":{"line":89,"column":35}},"104":{"start":{"line":89,"column":25},"end":{"line":89,"column":33}},"105":{"start":{"line":90,"column":4},"end":{"line":90,"column":45}},"106":{"start":{"line":90,"column":30},"end":{"line":90,"column":43}},"107":{"start":{"line":91,"column":4},"end":{"line":91,"column":41}},"108":{"start":{"line":91,"column":28},"end":{"line":91,"column":39}},"109":{"start":{"line":92,"column":4},"end":{"line":92,"column":43}},"110":{"start":{"line":92,"column":28},"end":{"line":92,"column":41}},"111":{"start":{"line":93,"column":4},"end":{"line":115,"column":7}},"112":{"start":{"line":95,"column":8},"end":{"line":114,"column":11}},"113":{"start":{"line":96,"column":12},"end":{"line":113,"column":13}},"114":{"start":{"line":98,"column":20},"end":{"line":98,"column":46}},"115":{"start":{"line":99,"column":20},"end":{"line":101,"column":21}},"116":{"start":{"line":100,"column":24},"end":{"line":100,"column":92}},"117":{"start":{"line":102,"column":20},"end":{"line":102,"column":61}},"118":{"start":{"line":104,"column":20},"end":{"line":104,"column":50}},"119":{"start":{"line":105,"column":20},"end":{"line":107,"column":21}},"120":{"start":{"line":106,"column":24},"end":{"line":106,"column":59}},"121":{"start":{"line":108,"column":20},"end":{"line":108,"column":58}},"122":{"start":{"line":110,"column":20},"end":{"line":110,"column":38}},"123":{"start":{"line":111,"column":20},"end":{"line":111,"column":49}},"124":{"start":{"line":112,"column":24},"end":{"line":112,"column":35}},"125":{"start":{"line":117,"column":0},"end":{"line":144,"column":2}},"126":{"start":{"line":118,"column":4},"end":{"line":118,"column":41}},"127":{"start":{"line":118,"column":27},"end":{"line":118,"column":39}},"128":{"start":{"line":119,"column":4},"end":{"line":119,"column":41}},"129":{"start":{"line":119,"column":28},"end":{"line":119,"column":39}},"130":{"start":{"line":120,"column":4},"end":{"line":120,"column":43}},"131":{"start":{"line":120,"column":28},"end":{"line":120,"column":41}},"132":{"start":{"line":121,"column":4},"end":{"line":143,"column":7}},"133":{"start":{"line":123,"column":8},"end":{"line":142,"column":11}},"134":{"start":{"line":124,"column":12},"end":{"line":141,"column":13}},"135":{"start":{"line":126,"column":20},"end":{"line":126,"column":46}},"136":{"start":{"line":127,"column":20},"end":{"line":129,"column":21}},"137":{"start":{"line":128,"column":24},"end":{"line":128,"column":92}},"138":{"start":{"line":130,"column":20},"end":{"line":130,"column":54}},"139":{"start":{"line":132,"column":20},"end":{"line":132,"column":50}},"140":{"start":{"line":133,"column":20},"end":{"line":135,"column":21}},"141":{"start":{"line":134,"column":24},"end":{"line":134,"column":59}},"142":{"start":{"line":136,"column":20},"end":{"line":136,"column":58}},"143":{"start":{"line":138,"column":20},"end":{"line":138,"column":38}},"144":{"start":{"line":139,"column":20},"end":{"line":139,"column":49}},"145":{"start":{"line":140,"column":24},"end":{"line":140,"column":35}}},"fnMap":{"0":{"name":"(anonymous_0)","decl":{"start":{"line":1,"column":44},"end":{"line":1,"column":45}},"loc":{"start":{"line":1,"column":89},"end":{"line":9,"column":1}},"line":1},"1":{"name":"adopt","decl":{"start":{"line":2,"column":13},"end":{"line":2,"column":18}},"loc":{"start":{"line":2,"column":26},"end":{"line":2,"column":112}},"line":2},"2":{"name":"(anonymous_2)","decl":{"start":{"line":2,"column":70},"end":{"line":2,"column":71}},"loc":{"start":{"line":2,"column":89},"end":{"line":2,"column":108}},"line":2},"3":{"name":"(anonymous_3)","decl":{"start":{"line":3,"column":36},"end":{"line":3,"column":37}},"loc":{"start":{"line":3,"column":63},"end":{"line":8,"column":5}},"line":3},"4":{"name":"fulfilled","decl":{"start":{"line":4,"column":17},"end":{"line":4,"column":26}},"loc":{"start":{"line":4,"column":34},"end":{"line":4,"column":99}},"line":4},"5":{"name":"rejected","decl":{"start":{"line":5,"column":17},"end":{"line":5,"column":25}},"loc":{"start":{"line":5,"column":33},"end":{"line":5,"column":102}},"line":5},"6":{"name":"step","decl":{"start":{"line":6,"column":17},"end":{"line":6,"column":21}},"loc":{"start":{"line":6,"column":30},"end":{"line":6,"column":118}},"line":6},"7":{"name":"(anonymous_7)","decl":{"start":{"line":10,"column":48},"end":{"line":10,"column":49}},"loc":{"start":{"line":10,"column":73},"end":{"line":36,"column":1}},"line":10},"8":{"name":"(anonymous_8)","decl":{"start":{"line":11,"column":30},"end":{"line":11,"column":31}},"loc":{"start":{"line":11,"column":41},"end":{"line":11,"column":83}},"line":11},"9":{"name":"(anonymous_9)","decl":{"start":{"line":12,"column":125},"end":{"line":12,"column":126}},"loc":{"start":{"line":12,"column":136},"end":{"line":12,"column":152}},"line":12},"10":{"name":"verb","decl":{"start":{"line":13,"column":13},"end":{"line":13,"column":17}},"loc":{"start":{"line":13,"column":21},"end":{"line":13,"column":70}},"line":13},"11":{"name":"(anonymous_11)","decl":{"start":{"line":13,"column":30},"end":{"line":13,"column":31}},"loc":{"start":{"line":13,"column":43},"end":{"line":13,"column":67}},"line":13},"12":{"name":"step","decl":{"start":{"line":14,"column":13},"end":{"line":14,"column":17}},"loc":{"start":{"line":14,"column":22},"end":{"line":35,"column":5}},"line":14},"13":{"name":"getRestaurants","decl":{"start":{"line":37,"column":34},"end":{"line":37,"column":48}},"loc":{"start":{"line":37,"column":56},"end":{"line":62,"column":1}},"line":37},"14":{"name":"(anonymous_14)","decl":{"start":{"line":39,"column":43},"end":{"line":39,"column":44}},"loc":{"start":{"line":39,"column":55},"end":{"line":61,"column":5}},"line":39},"15":{"name":"(anonymous_15)","decl":{"start":{"line":41,"column":33},"end":{"line":41,"column":34}},"loc":{"start":{"line":41,"column":47},"end":{"line":60,"column":9}},"line":41},"16":{"name":"insertRestaurant","decl":{"start":{"line":63,"column":36},"end":{"line":63,"column":52}},"loc":{"start":{"line":63,"column":79},"end":{"line":87,"column":1}},"line":63},"17":{"name":"(anonymous_17)","decl":{"start":{"line":67,"column":43},"end":{"line":67,"column":44}},"loc":{"start":{"line":67,"column":55},"end":{"line":86,"column":5}},"line":67},"18":{"name":"(anonymous_18)","decl":{"start":{"line":69,"column":33},"end":{"line":69,"column":34}},"loc":{"start":{"line":69,"column":47},"end":{"line":85,"column":9}},"line":69},"19":{"name":"updateRestaurant","decl":{"start":{"line":88,"column":37},"end":{"line":88,"column":53}},"loc":{"start":{"line":88,"column":81},"end":{"line":116,"column":1}},"line":88},"20":{"name":"(anonymous_20)","decl":{"start":{"line":93,"column":43},"end":{"line":93,"column":44}},"loc":{"start":{"line":93,"column":55},"end":{"line":115,"column":5}},"line":93},"21":{"name":"(anonymous_21)","decl":{"start":{"line":95,"column":33},"end":{"line":95,"column":34}},"loc":{"start":{"line":95,"column":47},"end":{"line":114,"column":9}},"line":95},"22":{"name":"deleteRestaurantByName","decl":{"start":{"line":117,"column":42},"end":{"line":117,"column":64}},"loc":{"start":{"line":117,"column":85},"end":{"line":144,"column":1}},"line":117},"23":{"name":"(anonymous_23)","decl":{"start":{"line":121,"column":43},"end":{"line":121,"column":44}},"loc":{"start":{"line":121,"column":55},"end":{"line":143,"column":5}},"line":121},"24":{"name":"(anonymous_24)","decl":{"start":{"line":123,"column":33},"end":{"line":123,"column":34}},"loc":{"start":{"line":123,"column":47},"end":{"line":142,"column":9}},"line":123}},"branchMap":{"0":{"loc":{"start":{"line":1,"column":16},"end":{"line":9,"column":1}},"type":"binary-expr","locations":[{"start":{"line":1,"column":17},"end":{"line":1,"column":21}},{"start":{"line":1,"column":25},"end":{"line":1,"column":39}},{"start":{"line":1,"column":44},"end":{"line":9,"column":1}}],"line":1},"1":{"loc":{"start":{"line":2,"column":35},"end":{"line":2,"column":109}},"type":"cond-expr","locations":[{"start":{"line":2,"column":56},"end":{"line":2,"column":61}},{"start":{"line":2,"column":64},"end":{"line":2,"column":109}}],"line":2},"2":{"loc":{"start":{"line":3,"column":16},"end":{"line":3,"column":34}},"type":"binary-expr","locations":[{"start":{"line":3,"column":16},"end":{"line":3,"column":17}},{"start":{"line":3,"column":22},"end":{"line":3,"column":33}}],"line":3},"3":{"loc":{"start":{"line":6,"column":32},"end":{"line":6,"column":115}},"type":"cond-expr","locations":[{"start":{"line":6,"column":46},"end":{"line":6,"column":67}},{"start":{"line":6,"column":70},"end":{"line":6,"column":115}}],"line":6},"4":{"loc":{"start":{"line":7,"column":51},"end":{"line":7,"column":67}},"type":"binary-expr","locations":[{"start":{"line":7,"column":51},"end":{"line":7,"column":61}},{"start":{"line":7,"column":65},"end":{"line":7,"column":67}}],"line":7},"5":{"loc":{"start":{"line":10,"column":18},"end":{"line":36,"column":1}},"type":"binary-expr","locations":[{"start":{"line":10,"column":19},"end":{"line":10,"column":23}},{"start":{"line":10,"column":27},"end":{"line":10,"column":43}},{"start":{"line":10,"column":48},"end":{"line":36,"column":1}}],"line":10},"6":{"loc":{"start":{"line":11,"column":43},"end":{"line":11,"column":68}},"type":"if","locations":[{"start":{"line":11,"column":43},"end":{"line":11,"column":68}},{"start":{"line":11,"column":43},"end":{"line":11,"column":68}}],"line":11},"7":{"loc":{"start":{"line":12,"column":71},"end":{"line":12,"column":153}},"type":"binary-expr","locations":[{"start":{"line":12,"column":71},"end":{"line":12,"column":99}},{"start":{"line":12,"column":104},"end":{"line":12,"column":152}}],"line":12},"8":{"loc":{"start":{"line":15,"column":8},"end":{"line":15,"column":70}},"type":"if","locations":[{"start":{"line":15,"column":8},"end":{"line":15,"column":70}},{"start":{"line":15,"column":8},"end":{"line":15,"column":70}}],"line":15},"9":{"loc":{"start":{"line":17,"column":12},"end":{"line":17,"column":169}},"type":"if","locations":[{"start":{"line":17,"column":12},"end":{"line":17,"column":169}},{"start":{"line":17,"column":12},"end":{"line":17,"column":169}}],"line":17},"10":{"loc":{"start":{"line":17,"column":23},"end":{"line":17,"column":158}},"type":"binary-expr","locations":[{"start":{"line":17,"column":23},"end":{"line":17,"column":24}},{"start":{"line":17,"column":29},"end":{"line":17,"column":125}},{"start":{"line":17,"column":130},"end":{"line":17,"column":158}}],"line":17},"11":{"loc":{"start":{"line":17,"column":33},"end":{"line":17,"column":125}},"type":"cond-expr","locations":[{"start":{"line":17,"column":45},"end":{"line":17,"column":56}},{"start":{"line":17,"column":59},"end":{"line":17,"column":125}}],"line":17},"12":{"loc":{"start":{"line":17,"column":59},"end":{"line":17,"column":125}},"type":"cond-expr","locations":[{"start":{"line":17,"column":67},"end":{"line":17,"column":116}},{"start":{"line":17,"column":119},"end":{"line":17,"column":125}}],"line":17},"13":{"loc":{"start":{"line":17,"column":67},"end":{"line":17,"column":116}},"type":"binary-expr","locations":[{"start":{"line":17,"column":67},"end":{"line":17,"column":77}},{"start":{"line":17,"column":82},"end":{"line":17,"column":115}}],"line":17},"14":{"loc":{"start":{"line":17,"column":82},"end":{"line":17,"column":112}},"type":"binary-expr","locations":[{"start":{"line":17,"column":83},"end":{"line":17,"column":98}},{"start":{"line":17,"column":103},"end":{"line":17,"column":112}}],"line":17},"15":{"loc":{"start":{"line":18,"column":12},"end":{"line":18,"column":52}},"type":"if","locations":[{"start":{"line":18,"column":12},"end":{"line":18,"column":52}},{"start":{"line":18,"column":12},"end":{"line":18,"column":52}}],"line":18},"16":{"loc":{"start":{"line":19,"column":12},"end":{"line":31,"column":13}},"type":"switch","locations":[{"start":{"line":20,"column":16},"end":{"line":20,"column":23}},{"start":{"line":20,"column":24},"end":{"line":20,"column":46}},{"start":{"line":21,"column":16},"end":{"line":21,"column":72}},{"start":{"line":22,"column":16},"end":{"line":22,"column":65}},{"start":{"line":23,"column":16},"end":{"line":23,"column":65}},{"start":{"line":24,"column":16},"end":{"line":30,"column":43}}],"line":19},"17":{"loc":{"start":{"line":25,"column":20},"end":{"line":25,"column":128}},"type":"if","locations":[{"start":{"line":25,"column":20},"end":{"line":25,"column":128}},{"start":{"line":25,"column":20},"end":{"line":25,"column":128}}],"line":25},"18":{"loc":{"start":{"line":25,"column":24},"end":{"line":25,"column":106}},"type":"binary-expr","locations":[{"start":{"line":25,"column":24},"end":{"line":25,"column":74}},{"start":{"line":25,"column":79},"end":{"line":25,"column":90}},{"start":{"line":25,"column":94},"end":{"line":25,"column":105}}],"line":25},"19":{"loc":{"start":{"line":25,"column":42},"end":{"line":25,"column":73}},"type":"binary-expr","locations":[{"start":{"line":25,"column":42},"end":{"line":25,"column":54}},{"start":{"line":25,"column":58},"end":{"line":25,"column":73}}],"line":25},"20":{"loc":{"start":{"line":26,"column":20},"end":{"line":26,"column":106}},"type":"if","locations":[{"start":{"line":26,"column":20},"end":{"line":26,"column":106}},{"start":{"line":26,"column":20},"end":{"line":26,"column":106}}],"line":26},"21":{"loc":{"start":{"line":26,"column":24},"end":{"line":26,"column":77}},"type":"binary-expr","locations":[{"start":{"line":26,"column":24},"end":{"line":26,"column":35}},{"start":{"line":26,"column":40},"end":{"line":26,"column":42}},{"start":{"line":26,"column":47},"end":{"line":26,"column":59}},{"start":{"line":26,"column":63},"end":{"line":26,"column":75}}],"line":26},"22":{"loc":{"start":{"line":27,"column":20},"end":{"line":27,"column":89}},"type":"if","locations":[{"start":{"line":27,"column":20},"end":{"line":27,"column":89}},{"start":{"line":27,"column":20},"end":{"line":27,"column":89}}],"line":27},"23":{"loc":{"start":{"line":27,"column":24},"end":{"line":27,"column":53}},"type":"binary-expr","locations":[{"start":{"line":27,"column":24},"end":{"line":27,"column":35}},{"start":{"line":27,"column":39},"end":{"line":27,"column":53}}],"line":27},"24":{"loc":{"start":{"line":28,"column":20},"end":{"line":28,"column":87}},"type":"if","locations":[{"start":{"line":28,"column":20},"end":{"line":28,"column":87}},{"start":{"line":28,"column":20},"end":{"line":28,"column":87}}],"line":28},"25":{"loc":{"start":{"line":28,"column":24},"end":{"line":28,"column":43}},"type":"binary-expr","locations":[{"start":{"line":28,"column":24},"end":{"line":28,"column":25}},{"start":{"line":28,"column":29},"end":{"line":28,"column":43}}],"line":28},"26":{"loc":{"start":{"line":29,"column":20},"end":{"line":29,"column":42}},"type":"if","locations":[{"start":{"line":29,"column":20},"end":{"line":29,"column":42}},{"start":{"line":29,"column":20},"end":{"line":29,"column":42}}],"line":29},"27":{"loc":{"start":{"line":34,"column":8},"end":{"line":34,"column":35}},"type":"if","locations":[{"start":{"line":34,"column":8},"end":{"line":34,"column":35}},{"start":{"line":34,"column":8},"end":{"line":34,"column":35}}],"line":34},"28":{"loc":{"start":{"line":34,"column":52},"end":{"line":34,"column":74}},"type":"cond-expr","locations":[{"start":{"line":34,"column":60},"end":{"line":34,"column":65}},{"start":{"line":34,"column":68},"end":{"line":34,"column":74}}],"line":34},"29":{"loc":{"start":{"line":38,"column":4},"end":{"line":38,"column":41}},"type":"if","locations":[{"start":{"line":38,"column":4},"end":{"line":38,"column":41}},{"start":{"line":38,"column":4},"end":{"line":38,"column":41}}],"line":38},"30":{"loc":{"start":{"line":42,"column":12},"end":{"line":59,"column":13}},"type":"switch","locations":[{"start":{"line":43,"column":16},"end":{"line":48,"column":45}},{"start":{"line":49,"column":16},"end":{"line":54,"column":52}},{"start":{"line":55,"column":16},"end":{"line":57,"column":49}},{"start":{"line":58,"column":16},"end":{"line":58,"column":35}}],"line":42},"31":{"loc":{"start":{"line":45,"column":20},"end":{"line":47,"column":21}},"type":"if","locations":[{"start":{"line":45,"column":20},"end":{"line":47,"column":21}},{"start":{"line":45,"column":20},"end":{"line":47,"column":21}}],"line":45},"32":{"loc":{"start":{"line":51,"column":20},"end":{"line":53,"column":21}},"type":"if","locations":[{"start":{"line":51,"column":20},"end":{"line":53,"column":21}},{"start":{"line":51,"column":20},"end":{"line":53,"column":21}}],"line":51},"33":{"loc":{"start":{"line":64,"column":4},"end":{"line":64,"column":51}},"type":"if","locations":[{"start":{"line":64,"column":4},"end":{"line":64,"column":51}},{"start":{"line":64,"column":4},"end":{"line":64,"column":51}}],"line":64},"34":{"loc":{"start":{"line":65,"column":4},"end":{"line":65,"column":41}},"type":"if","locations":[{"start":{"line":65,"column":4},"end":{"line":65,"column":41}},{"start":{"line":65,"column":4},"end":{"line":65,"column":41}}],"line":65},"35":{"loc":{"start":{"line":66,"column":4},"end":{"line":66,"column":43}},"type":"if","locations":[{"start":{"line":66,"column":4},"end":{"line":66,"column":43}},{"start":{"line":66,"column":4},"end":{"line":66,"column":43}}],"line":66},"36":{"loc":{"start":{"line":70,"column":12},"end":{"line":84,"column":13}},"type":"switch","locations":[{"start":{"line":71,"column":16},"end":{"line":76,"column":64}},{"start":{"line":77,"column":16},"end":{"line":79,"column":58}},{"start":{"line":80,"column":16},"end":{"line":82,"column":49}},{"start":{"line":83,"column":16},"end":{"line":83,"column":35}}],"line":70},"37":{"loc":{"start":{"line":73,"column":20},"end":{"line":75,"column":21}},"type":"if","locations":[{"start":{"line":73,"column":20},"end":{"line":75,"column":21}},{"start":{"line":73,"column":20},"end":{"line":75,"column":21}}],"line":73},"38":{"loc":{"start":{"line":89,"column":4},"end":{"line":89,"column":35}},"type":"if","locations":[{"start":{"line":89,"column":4},"end":{"line":89,"column":35}},{"start":{"line":89,"column":4},"end":{"line":89,"column":35}}],"line":89},"39":{"loc":{"start":{"line":90,"column":4},"end":{"line":90,"column":45}},"type":"if","locations":[{"start":{"line":90,"column":4},"end":{"line":90,"column":45}},{"start":{"line":90,"column":4},"end":{"line":90,"column":45}}],"line":90},"40":{"loc":{"start":{"line":91,"column":4},"end":{"line":91,"column":41}},"type":"if","locations":[{"start":{"line":91,"column":4},"end":{"line":91,"column":41}},{"start":{"line":91,"column":4},"end":{"line":91,"column":41}}],"line":91},"41":{"loc":{"start":{"line":92,"column":4},"end":{"line":92,"column":43}},"type":"if","locations":[{"start":{"line":92,"column":4},"end":{"line":92,"column":43}},{"start":{"line":92,"column":4},"end":{"line":92,"column":43}}],"line":92},"42":{"loc":{"start":{"line":96,"column":12},"end":{"line":113,"column":13}},"type":"switch","locations":[{"start":{"line":97,"column":16},"end":{"line":102,"column":61}},{"start":{"line":103,"column":16},"end":{"line":108,"column":58}},{"start":{"line":109,"column":16},"end":{"line":111,"column":49}},{"start":{"line":112,"column":16},"end":{"line":112,"column":35}}],"line":96},"43":{"loc":{"start":{"line":99,"column":20},"end":{"line":101,"column":21}},"type":"if","locations":[{"start":{"line":99,"column":20},"end":{"line":101,"column":21}},{"start":{"line":99,"column":20},"end":{"line":101,"column":21}}],"line":99},"44":{"loc":{"start":{"line":105,"column":20},"end":{"line":107,"column":21}},"type":"if","locations":[{"start":{"line":105,"column":20},"end":{"line":107,"column":21}},{"start":{"line":105,"column":20},"end":{"line":107,"column":21}}],"line":105},"45":{"loc":{"start":{"line":118,"column":4},"end":{"line":118,"column":41}},"type":"if","locations":[{"start":{"line":118,"column":4},"end":{"line":118,"column":41}},{"start":{"line":118,"column":4},"end":{"line":118,"column":41}}],"line":118},"46":{"loc":{"start":{"line":119,"column":4},"end":{"line":119,"column":41}},"type":"if","locations":[{"start":{"line":119,"column":4},"end":{"line":119,"column":41}},{"start":{"line":119,"column":4},"end":{"line":119,"column":41}}],"line":119},"47":{"loc":{"start":{"line":120,"column":4},"end":{"line":120,"column":43}},"type":"if","locations":[{"start":{"line":120,"column":4},"end":{"line":120,"column":43}},{"start":{"line":120,"column":4},"end":{"line":120,"column":43}}],"line":120},"48":{"loc":{"start":{"line":124,"column":12},"end":{"line":141,"column":13}},"type":"switch","locations":[{"start":{"line":125,"column":16},"end":{"line":130,"column":54}},{"start":{"line":131,"column":16},"end":{"line":136,"column":58}},{"start":{"line":137,"column":16},"end":{"line":139,"column":49}},{"start":{"line":140,"column":16},"end":{"line":140,"column":35}}],"line":124},"49":{"loc":{"start":{"line":127,"column":20},"end":{"line":129,"column":21}},"type":"if","locations":[{"start":{"line":127,"column":20},"end":{"line":129,"column":21}},{"start":{"line":127,"column":20},"end":{"line":129,"column":21}}],"line":127},"50":{"loc":{"start":{"line":133,"column":20},"end":{"line":135,"column":21}},"type":"if","locations":[{"start":{"line":133,"column":20},"end":{"line":135,"column":21}},{"start":{"line":133,"column":20},"end":{"line":135,"column":21}}],"line":133}},"s":{"0":1,"1":5,"2":0,"3":12,"4":5,"5":5,"6":0,"7":0,"8":0,"9":0,"10":17,"11":12,"12":1,"13":12,"14":12,"15":0,"16":12,"17":12,"18":0,"19":36,"20":17,"21":17,"22":0,"23":17,"24":53,"25":53,"26":0,"27":53,"28":0,"29":53,"30":17,"31":17,"32":5,"33":5,"34":0,"35":0,"36":0,"37":0,"38":0,"39":0,"40":0,"41":31,"42":12,"43":12,"44":19,"45":0,"46":0,"47":19,"48":7,"49":7,"50":7,"51":12,"52":0,"53":0,"54":0,"55":12,"56":0,"57":12,"58":12,"59":24,"60":7,"61":7,"62":53,"63":12,"64":0,"65":12,"66":1,"67":2,"68":0,"69":2,"70":2,"71":4,"72":2,"73":2,"74":1,"75":1,"76":1,"77":1,"78":0,"79":1,"80":1,"81":1,"82":0,"83":1,"84":4,"85":0,"86":4,"87":2,"88":4,"89":3,"90":4,"91":4,"92":8,"93":4,"94":4,"95":2,"96":2,"97":2,"98":2,"99":2,"100":2,"101":0,"102":1,"103":3,"104":0,"105":3,"106":0,"107":3,"108":2,"109":3,"110":3,"111":3,"112":3,"113":6,"114":3,"115":3,"116":2,"117":1,"118":1,"119":1,"120":0,"121":1,"122":2,"123":2,"124":0,"125":1,"126":3,"127":0,"128":3,"129":1,"130":3,"131":3,"132":3,"133":3,"134":6,"135":3,"136":3,"137":2,"138":1,"139":1,"140":1,"141":0,"142":1,"143":2,"144":2,"145":0},"f":{"0":12,"1":5,"2":0,"3":12,"4":5,"5":0,"6":17,"7":12,"8":12,"9":0,"10":36,"11":17,"12":17,"13":2,"14":2,"15":4,"16":4,"17":4,"18":8,"19":3,"20":3,"21":6,"22":3,"23":3,"24":6},"b":{"0":[1,1,1],"1":[5,0],"2":[12,12],"3":[12,5],"4":[12,12],"5":[1,1,1],"6":[0,12],"7":[12,12],"8":[0,17],"9":[0,53],"10":[53,0,0],"11":[0,0],"12":[0,0],"13":[0,0],"14":[0,0],"15":[0,53],"16":[17,17,5,0,0,31],"17":[12,19],"18":[31,12,12],"19":[31,19],"20":[0,19],"21":[19,0,0,0],"22":[7,12],"23":[19,7],"24":[0,12],"25":[12,12],"26":[0,12],"27":[0,12],"28":[12,0],"29":[0,2],"30":[2,1,1,0],"31":[1,1],"32":[0,1],"33":[0,4],"34":[2,2],"35":[3,1],"36":[4,2,2,0],"37":[2,2],"38":[0,3],"39":[0,3],"40":[2,1],"41":[3,0],"42":[3,1,2,0],"43":[2,1],"44":[0,1],"45":[0,3],"46":[1,2],"47":[3,0],"48":[3,1,2,0],"49":[2,1],"50":[0,1]},"inputSourceMap":null,"_coverageSchema":"1a1c01bbd47fc00a2c39e90264f33305004495a9","hash":"e3c74f27e1bf45e45ed55e72db0e6d5d566214fb"}
,"/home/julia/Workspace/pessoais/my-project/my-server/build/controllers/root.js": {"path":"/home/julia/Workspace/pessoais/my-project/my-server/build/controllers/root.js","statementMap":{"0":{"start":{"line":1,"column":0},"end":{"line":6,"column":2}},"1":{"start":{"line":3,"column":23},"end":{"line":3,"column":69}},"2":{"start":{"line":4,"column":8},"end":{"line":4,"column":24}}},"fnMap":{"0":{"name":"(anonymous_0)","decl":{"start":{"line":2,"column":10},"end":{"line":2,"column":11}},"loc":{"start":{"line":2,"column":25},"end":{"line":5,"column":5}},"line":2}},"branchMap":{},"s":{"0":1,"1":1,"2":1},"f":{"0":1},"b":{},"inputSourceMap":null,"_coverageSchema":"1a1c01bbd47fc00a2c39e90264f33305004495a9","hash":"70f71128b80ff419751024e578e97f5e90fb269c"}
,"/home/julia/Workspace/pessoais/my-project/my-server/build/controllers/user.js": {"path":"/home/julia/Workspace/pessoais/my-project/my-server/build/controllers/user.js","statementMap":{"0":{"start":{"line":1,"column":16},"end":{"line":9,"column":1}},"1":{"start":{"line":2,"column":28},"end":{"line":2,"column":110}},"2":{"start":{"line":2,"column":91},"end":{"line":2,"column":106}},"3":{"start":{"line":3,"column":4},"end":{"line":8,"column":7}},"4":{"start":{"line":4,"column":36},"end":{"line":4,"column":97}},"5":{"start":{"line":4,"column":42},"end":{"line":4,"column":70}},"6":{"start":{"line":4,"column":85},"end":{"line":4,"column":95}},"7":{"start":{"line":5,"column":35},"end":{"line":5,"column":100}},"8":{"start":{"line":5,"column":41},"end":{"line":5,"column":73}},"9":{"start":{"line":5,"column":88},"end":{"line":5,"column":98}},"10":{"start":{"line":6,"column":32},"end":{"line":6,"column":116}},"11":{"start":{"line":7,"column":8},"end":{"line":7,"column":78}},"12":{"start":{"line":10,"column":18},"end":{"line":36,"column":1}},"13":{"start":{"line":11,"column":12},"end":{"line":11,"column":104}},"14":{"start":{"line":11,"column":43},"end":{"line":11,"column":68}},"15":{"start":{"line":11,"column":57},"end":{"line":11,"column":68}},"16":{"start":{"line":11,"column":69},"end":{"line":11,"column":81}},"17":{"start":{"line":12,"column":4},"end":{"line":12,"column":157}},"18":{"start":{"line":12,"column":138},"end":{"line":12,"column":150}},"19":{"start":{"line":13,"column":23},"end":{"line":13,"column":68}},"20":{"start":{"line":13,"column":45},"end":{"line":13,"column":65}},"21":{"start":{"line":15,"column":8},"end":{"line":15,"column":70}},"22":{"start":{"line":15,"column":15},"end":{"line":15,"column":70}},"23":{"start":{"line":16,"column":8},"end":{"line":33,"column":66}},"24":{"start":{"line":16,"column":18},"end":{"line":33,"column":66}},"25":{"start":{"line":17,"column":12},"end":{"line":17,"column":169}},"26":{"start":{"line":17,"column":160},"end":{"line":17,"column":169}},"27":{"start":{"line":18,"column":12},"end":{"line":18,"column":52}},"28":{"start":{"line":18,"column":26},"end":{"line":18,"column":52}},"29":{"start":{"line":19,"column":12},"end":{"line":31,"column":13}},"30":{"start":{"line":20,"column":32},"end":{"line":20,"column":39}},"31":{"start":{"line":20,"column":40},"end":{"line":20,"column":46}},"32":{"start":{"line":21,"column":24},"end":{"line":21,"column":34}},"33":{"start":{"line":21,"column":35},"end":{"line":21,"column":72}},"34":{"start":{"line":22,"column":24},"end":{"line":22,"column":34}},"35":{"start":{"line":22,"column":35},"end":{"line":22,"column":45}},"36":{"start":{"line":22,"column":46},"end":{"line":22,"column":55}},"37":{"start":{"line":22,"column":56},"end":{"line":22,"column":65}},"38":{"start":{"line":23,"column":24},"end":{"line":23,"column":41}},"39":{"start":{"line":23,"column":42},"end":{"line":23,"column":55}},"40":{"start":{"line":23,"column":56},"end":{"line":23,"column":65}},"41":{"start":{"line":25,"column":20},"end":{"line":25,"column":128}},"42":{"start":{"line":25,"column":110},"end":{"line":25,"column":116}},"43":{"start":{"line":25,"column":117},"end":{"line":25,"column":126}},"44":{"start":{"line":26,"column":20},"end":{"line":26,"column":106}},"45":{"start":{"line":26,"column":81},"end":{"line":26,"column":97}},"46":{"start":{"line":26,"column":98},"end":{"line":26,"column":104}},"47":{"start":{"line":27,"column":20},"end":{"line":27,"column":89}},"48":{"start":{"line":27,"column":57},"end":{"line":27,"column":72}},"49":{"start":{"line":27,"column":73},"end":{"line":27,"column":80}},"50":{"start":{"line":27,"column":81},"end":{"line":27,"column":87}},"51":{"start":{"line":28,"column":20},"end":{"line":28,"column":87}},"52":{"start":{"line":28,"column":47},"end":{"line":28,"column":62}},"53":{"start":{"line":28,"column":63},"end":{"line":28,"column":78}},"54":{"start":{"line":28,"column":79},"end":{"line":28,"column":85}},"55":{"start":{"line":29,"column":20},"end":{"line":29,"column":42}},"56":{"start":{"line":29,"column":30},"end":{"line":29,"column":42}},"57":{"start":{"line":30,"column":20},"end":{"line":30,"column":33}},"58":{"start":{"line":30,"column":34},"end":{"line":30,"column":43}},"59":{"start":{"line":32,"column":12},"end":{"line":32,"column":39}},"60":{"start":{"line":33,"column":22},"end":{"line":33,"column":34}},"61":{"start":{"line":33,"column":35},"end":{"line":33,"column":41}},"62":{"start":{"line":33,"column":54},"end":{"line":33,"column":64}},"63":{"start":{"line":34,"column":8},"end":{"line":34,"column":35}},"64":{"start":{"line":34,"column":23},"end":{"line":34,"column":35}},"65":{"start":{"line":34,"column":36},"end":{"line":34,"column":89}},"66":{"start":{"line":37,"column":0},"end":{"line":62,"column":2}},"67":{"start":{"line":38,"column":4},"end":{"line":38,"column":41}},"68":{"start":{"line":38,"column":28},"end":{"line":38,"column":39}},"69":{"start":{"line":39,"column":4},"end":{"line":61,"column":7}},"70":{"start":{"line":41,"column":8},"end":{"line":60,"column":11}},"71":{"start":{"line":42,"column":12},"end":{"line":59,"column":13}},"72":{"start":{"line":44,"column":20},"end":{"line":44,"column":46}},"73":{"start":{"line":45,"column":20},"end":{"line":47,"column":21}},"74":{"start":{"line":46,"column":24},"end":{"line":46,"column":87}},"75":{"start":{"line":48,"column":20},"end":{"line":48,"column":45}},"76":{"start":{"line":50,"column":20},"end":{"line":50,"column":38}},"77":{"start":{"line":51,"column":20},"end":{"line":53,"column":21}},"78":{"start":{"line":52,"column":24},"end":{"line":52,"column":47}},"79":{"start":{"line":54,"column":20},"end":{"line":54,"column":46}},"80":{"start":{"line":56,"column":20},"end":{"line":56,"column":38}},"81":{"start":{"line":57,"column":20},"end":{"line":57,"column":49}},"82":{"start":{"line":58,"column":24},"end":{"line":58,"column":35}},"83":{"start":{"line":63,"column":0},"end":{"line":93,"column":2}},"84":{"start":{"line":64,"column":4},"end":{"line":64,"column":39}},"85":{"start":{"line":64,"column":27},"end":{"line":64,"column":37}},"86":{"start":{"line":65,"column":4},"end":{"line":65,"column":41}},"87":{"start":{"line":65,"column":28},"end":{"line":65,"column":39}},"88":{"start":{"line":66,"column":4},"end":{"line":66,"column":43}},"89":{"start":{"line":66,"column":28},"end":{"line":66,"column":41}},"90":{"start":{"line":67,"column":4},"end":{"line":92,"column":7}},"91":{"start":{"line":69,"column":8},"end":{"line":91,"column":11}},"92":{"start":{"line":70,"column":12},"end":{"line":90,"column":13}},"93":{"start":{"line":72,"column":20},"end":{"line":72,"column":46}},"94":{"start":{"line":73,"column":20},"end":{"line":75,"column":21}},"95":{"start":{"line":74,"column":24},"end":{"line":74,"column":89}},"96":{"start":{"line":76,"column":20},"end":{"line":78,"column":21}},"97":{"start":{"line":77,"column":24},"end":{"line":77,"column":87}},"98":{"start":{"line":79,"column":20},"end":{"line":79,"column":58}},"99":{"start":{"line":81,"column":20},"end":{"line":81,"column":44}},"100":{"start":{"line":82,"column":20},"end":{"line":84,"column":21}},"101":{"start":{"line":83,"column":24},"end":{"line":83,"column":53}},"102":{"start":{"line":85,"column":20},"end":{"line":85,"column":52}},"103":{"start":{"line":87,"column":20},"end":{"line":87,"column":38}},"104":{"start":{"line":88,"column":20},"end":{"line":88,"column":49}},"105":{"start":{"line":89,"column":24},"end":{"line":89,"column":35}},"106":{"start":{"line":94,"column":0},"end":{"line":122,"column":2}},"107":{"start":{"line":95,"column":4},"end":{"line":95,"column":35}},"108":{"start":{"line":95,"column":25},"end":{"line":95,"column":33}},"109":{"start":{"line":96,"column":4},"end":{"line":96,"column":45}},"110":{"start":{"line":96,"column":30},"end":{"line":96,"column":43}},"111":{"start":{"line":97,"column":4},"end":{"line":97,"column":41}},"112":{"start":{"line":97,"column":28},"end":{"line":97,"column":39}},"113":{"start":{"line":98,"column":4},"end":{"line":98,"column":43}},"114":{"start":{"line":98,"column":28},"end":{"line":98,"column":41}},"115":{"start":{"line":99,"column":4},"end":{"line":121,"column":7}},"116":{"start":{"line":101,"column":8},"end":{"line":120,"column":11}},"117":{"start":{"line":102,"column":12},"end":{"line":119,"column":13}},"118":{"start":{"line":104,"column":20},"end":{"line":104,"column":46}},"119":{"start":{"line":105,"column":20},"end":{"line":107,"column":21}},"120":{"start":{"line":106,"column":24},"end":{"line":106,"column":92}},"121":{"start":{"line":108,"column":20},"end":{"line":108,"column":61}},"122":{"start":{"line":110,"column":20},"end":{"line":110,"column":44}},"123":{"start":{"line":111,"column":20},"end":{"line":113,"column":21}},"124":{"start":{"line":112,"column":24},"end":{"line":112,"column":53}},"125":{"start":{"line":114,"column":20},"end":{"line":114,"column":52}},"126":{"start":{"line":116,"column":20},"end":{"line":116,"column":38}},"127":{"start":{"line":117,"column":20},"end":{"line":117,"column":49}},"128":{"start":{"line":118,"column":24},"end":{"line":118,"column":35}},"129":{"start":{"line":123,"column":0},"end":{"line":150,"column":2}},"130":{"start":{"line":124,"column":4},"end":{"line":124,"column":41}},"131":{"start":{"line":124,"column":27},"end":{"line":124,"column":39}},"132":{"start":{"line":125,"column":4},"end":{"line":125,"column":41}},"133":{"start":{"line":125,"column":28},"end":{"line":125,"column":39}},"134":{"start":{"line":126,"column":4},"end":{"line":126,"column":43}},"135":{"start":{"line":126,"column":28},"end":{"line":126,"column":41}},"136":{"start":{"line":127,"column":4},"end":{"line":149,"column":7}},"137":{"start":{"line":129,"column":8},"end":{"line":148,"column":11}},"138":{"start":{"line":130,"column":12},"end":{"line":147,"column":13}},"139":{"start":{"line":132,"column":20},"end":{"line":132,"column":46}},"140":{"start":{"line":133,"column":20},"end":{"line":135,"column":21}},"141":{"start":{"line":134,"column":24},"end":{"line":134,"column":92}},"142":{"start":{"line":136,"column":20},"end":{"line":136,"column":54}},"143":{"start":{"line":138,"column":20},"end":{"line":138,"column":44}},"144":{"start":{"line":139,"column":20},"end":{"line":141,"column":21}},"145":{"start":{"line":140,"column":24},"end":{"line":140,"column":53}},"146":{"start":{"line":142,"column":20},"end":{"line":142,"column":52}},"147":{"start":{"line":144,"column":20},"end":{"line":144,"column":38}},"148":{"start":{"line":145,"column":20},"end":{"line":145,"column":49}},"149":{"start":{"line":146,"column":24},"end":{"line":146,"column":35}}},"fnMap":{"0":{"name":"(anonymous_0)","decl":{"start":{"line":1,"column":44},"end":{"line":1,"column":45}},"loc":{"start":{"line":1,"column":89},"end":{"line":9,"column":1}},"line":1},"1":{"name":"adopt","decl":{"start":{"line":2,"column":13},"end":{"line":2,"column":18}},"loc":{"start":{"line":2,"column":26},"end":{"line":2,"column":112}},"line":2},"2":{"name":"(anonymous_2)","decl":{"start":{"line":2,"column":70},"end":{"line":2,"column":71}},"loc":{"start":{"line":2,"column":89},"end":{"line":2,"column":108}},"line":2},"3":{"name":"(anonymous_3)","decl":{"start":{"line":3,"column":36},"end":{"line":3,"column":37}},"loc":{"start":{"line":3,"column":63},"end":{"line":8,"column":5}},"line":3},"4":{"name":"fulfilled","decl":{"start":{"line":4,"column":17},"end":{"line":4,"column":26}},"loc":{"start":{"line":4,"column":34},"end":{"line":4,"column":99}},"line":4},"5":{"name":"rejected","decl":{"start":{"line":5,"column":17},"end":{"line":5,"column":25}},"loc":{"start":{"line":5,"column":33},"end":{"line":5,"column":102}},"line":5},"6":{"name":"step","decl":{"start":{"line":6,"column":17},"end":{"line":6,"column":21}},"loc":{"start":{"line":6,"column":30},"end":{"line":6,"column":118}},"line":6},"7":{"name":"(anonymous_7)","decl":{"start":{"line":10,"column":48},"end":{"line":10,"column":49}},"loc":{"start":{"line":10,"column":73},"end":{"line":36,"column":1}},"line":10},"8":{"name":"(anonymous_8)","decl":{"start":{"line":11,"column":30},"end":{"line":11,"column":31}},"loc":{"start":{"line":11,"column":41},"end":{"line":11,"column":83}},"line":11},"9":{"name":"(anonymous_9)","decl":{"start":{"line":12,"column":125},"end":{"line":12,"column":126}},"loc":{"start":{"line":12,"column":136},"end":{"line":12,"column":152}},"line":12},"10":{"name":"verb","decl":{"start":{"line":13,"column":13},"end":{"line":13,"column":17}},"loc":{"start":{"line":13,"column":21},"end":{"line":13,"column":70}},"line":13},"11":{"name":"(anonymous_11)","decl":{"start":{"line":13,"column":30},"end":{"line":13,"column":31}},"loc":{"start":{"line":13,"column":43},"end":{"line":13,"column":67}},"line":13},"12":{"name":"step","decl":{"start":{"line":14,"column":13},"end":{"line":14,"column":17}},"loc":{"start":{"line":14,"column":22},"end":{"line":35,"column":5}},"line":14},"13":{"name":"getUsers","decl":{"start":{"line":37,"column":28},"end":{"line":37,"column":36}},"loc":{"start":{"line":37,"column":44},"end":{"line":62,"column":1}},"line":37},"14":{"name":"(anonymous_14)","decl":{"start":{"line":39,"column":43},"end":{"line":39,"column":44}},"loc":{"start":{"line":39,"column":55},"end":{"line":61,"column":5}},"line":39},"15":{"name":"(anonymous_15)","decl":{"start":{"line":41,"column":33},"end":{"line":41,"column":34}},"loc":{"start":{"line":41,"column":47},"end":{"line":60,"column":9}},"line":41},"16":{"name":"insertUser","decl":{"start":{"line":63,"column":30},"end":{"line":63,"column":40}},"loc":{"start":{"line":63,"column":61},"end":{"line":93,"column":1}},"line":63},"17":{"name":"(anonymous_17)","decl":{"start":{"line":67,"column":43},"end":{"line":67,"column":44}},"loc":{"start":{"line":67,"column":55},"end":{"line":92,"column":5}},"line":67},"18":{"name":"(anonymous_18)","decl":{"start":{"line":69,"column":33},"end":{"line":69,"column":34}},"loc":{"start":{"line":69,"column":47},"end":{"line":91,"column":9}},"line":69},"19":{"name":"updateUser","decl":{"start":{"line":94,"column":31},"end":{"line":94,"column":41}},"loc":{"start":{"line":94,"column":69},"end":{"line":122,"column":1}},"line":94},"20":{"name":"(anonymous_20)","decl":{"start":{"line":99,"column":43},"end":{"line":99,"column":44}},"loc":{"start":{"line":99,"column":55},"end":{"line":121,"column":5}},"line":99},"21":{"name":"(anonymous_21)","decl":{"start":{"line":101,"column":33},"end":{"line":101,"column":34}},"loc":{"start":{"line":101,"column":47},"end":{"line":120,"column":9}},"line":101},"22":{"name":"deleteUserByName","decl":{"start":{"line":123,"column":36},"end":{"line":123,"column":52}},"loc":{"start":{"line":123,"column":73},"end":{"line":150,"column":1}},"line":123},"23":{"name":"(anonymous_23)","decl":{"start":{"line":127,"column":43},"end":{"line":127,"column":44}},"loc":{"start":{"line":127,"column":55},"end":{"line":149,"column":5}},"line":127},"24":{"name":"(anonymous_24)","decl":{"start":{"line":129,"column":33},"end":{"line":129,"column":34}},"loc":{"start":{"line":129,"column":47},"end":{"line":148,"column":9}},"line":129}},"branchMap":{"0":{"loc":{"start":{"line":1,"column":16},"end":{"line":9,"column":1}},"type":"binary-expr","locations":[{"start":{"line":1,"column":17},"end":{"line":1,"column":21}},{"start":{"line":1,"column":25},"end":{"line":1,"column":39}},{"start":{"line":1,"column":44},"end":{"line":9,"column":1}}],"line":1},"1":{"loc":{"start":{"line":2,"column":35},"end":{"line":2,"column":109}},"type":"cond-expr","locations":[{"start":{"line":2,"column":56},"end":{"line":2,"column":61}},{"start":{"line":2,"column":64},"end":{"line":2,"column":109}}],"line":2},"2":{"loc":{"start":{"line":3,"column":16},"end":{"line":3,"column":34}},"type":"binary-expr","locations":[{"start":{"line":3,"column":16},"end":{"line":3,"column":17}},{"start":{"line":3,"column":22},"end":{"line":3,"column":33}}],"line":3},"3":{"loc":{"start":{"line":6,"column":32},"end":{"line":6,"column":115}},"type":"cond-expr","locations":[{"start":{"line":6,"column":46},"end":{"line":6,"column":67}},{"start":{"line":6,"column":70},"end":{"line":6,"column":115}}],"line":6},"4":{"loc":{"start":{"line":7,"column":51},"end":{"line":7,"column":67}},"type":"binary-expr","locations":[{"start":{"line":7,"column":51},"end":{"line":7,"column":61}},{"start":{"line":7,"column":65},"end":{"line":7,"column":67}}],"line":7},"5":{"loc":{"start":{"line":10,"column":18},"end":{"line":36,"column":1}},"type":"binary-expr","locations":[{"start":{"line":10,"column":19},"end":{"line":10,"column":23}},{"start":{"line":10,"column":27},"end":{"line":10,"column":43}},{"start":{"line":10,"column":48},"end":{"line":36,"column":1}}],"line":10},"6":{"loc":{"start":{"line":11,"column":43},"end":{"line":11,"column":68}},"type":"if","locations":[{"start":{"line":11,"column":43},"end":{"line":11,"column":68}},{"start":{"line":11,"column":43},"end":{"line":11,"column":68}}],"line":11},"7":{"loc":{"start":{"line":12,"column":71},"end":{"line":12,"column":153}},"type":"binary-expr","locations":[{"start":{"line":12,"column":71},"end":{"line":12,"column":99}},{"start":{"line":12,"column":104},"end":{"line":12,"column":152}}],"line":12},"8":{"loc":{"start":{"line":15,"column":8},"end":{"line":15,"column":70}},"type":"if","locations":[{"start":{"line":15,"column":8},"end":{"line":15,"column":70}},{"start":{"line":15,"column":8},"end":{"line":15,"column":70}}],"line":15},"9":{"loc":{"start":{"line":17,"column":12},"end":{"line":17,"column":169}},"type":"if","locations":[{"start":{"line":17,"column":12},"end":{"line":17,"column":169}},{"start":{"line":17,"column":12},"end":{"line":17,"column":16
[...]
:89},"end":{"line":2,"column":108}},"line":2},"3":{"name":"(anonymous_3)","decl":{"start":{"line":3,"column":36},"end":{"line":3,"column":37}},"loc":{"start":{"line":3,"column":63},"end":{"line":8,"column":5}},"line":3},"4":{"name":"fulfilled","decl":{"start":{"line":4,"column":17},"end":{"line":4,"column":26}},"loc":{"start":{"line":4,"column":34},"end":{"line":4,"column":99}},"line":4},"5":{"name":"rejected","decl":{"start":{"line":5,"column":17},"end":{"line":5,"column":25}},"loc":{"start":{"line":5,"column":33},"end":{"line":5,"column":102}},"line":5},"6":{"name":"step","decl":{"start":{"line":6,"column":17},"end":{"line":6,"column":21}},"loc":{"start":{"line":6,"column":30},"end":{"line":6,"column":118}},"line":6},"7":{"name":"(anonymous_7)","decl":{"start":{"line":10,"column":48},"end":{"line":10,"column":49}},"loc":{"start":{"line":10,"column":73},"end":{"line":36,"column":1}},"line":10},"8":{"name":"(anonymous_8)","decl":{"start":{"line":11,"column":30},"end":{"line":11,"column":31}},"loc":{"start":{"line":11,"column":41},"end":{"line":11,"column":83}},"line":11},"9":{"name":"(anonymous_9)","decl":{"start":{"line":12,"column":125},"end":{"line":12,"column":126}},"loc":{"start":{"line":12,"column":136},"end":{"line":12,"column":152}},"line":12},"10":{"name":"verb","decl":{"start":{"line":13,"column":13},"end":{"line":13,"column":17}},"loc":{"start":{"line":13,"column":21},"end":{"line":13,"column":70}},"line":13},"11":{"name":"(anonymous_11)","decl":{"start":{"line":13,"column":30},"end":{"line":13,"column":31}},"loc":{"start":{"line":13,"column":43},"end":{"line":13,"column":67}},"line":13},"12":{"name":"step","decl":{"start":{"line":14,"column":13},"end":{"line":14,"column":17}},"loc":{"start":{"line":14,"column":22},"end":{"line":35,"column":5}},"line":14},"13":{"name":"(anonymous_13)","decl":{"start":{"line":38,"column":21},"end":{"line":38,"column":22}},"loc":{"start":{"line":38,"column":33},"end":{"line":144,"column":1}},"line":38},"14":{"name":"userModelMock","decl":{"start":{"line":39,"column":13},"end":{"line":39,"column":26}},"loc":{"start":{"line":39,"column":29},"end":{"line":41,"column":5}},"line":39},"15":{"name":"(anonymous_15)","decl":{"start":{"line":42,"column":37},"end":{"line":42,"column":38}},"loc":{"start":{"line":42,"column":60},"end":{"line":66,"column":5}},"line":42},"16":{"name":"(anonymous_16)","decl":{"start":{"line":45,"column":47},"end":{"line":45,"column":48}},"loc":{"start":{"line":45,"column":59},"end":{"line":65,"column":9}},"line":45},"17":{"name":"(anonymous_17)","decl":{"start":{"line":46,"column":37},"end":{"line":46,"column":38}},"loc":{"start":{"line":46,"column":51},"end":{"line":64,"column":13}},"line":46},"18":{"name":"(anonymous_18)","decl":{"start":{"line":55,"column":47},"end":{"line":55,"column":48}},"loc":{"start":{"line":55,"column":66},"end":{"line":57,"column":29}},"line":55},"19":{"name":"(anonymous_19)","decl":{"start":{"line":67,"column":35},"end":{"line":67,"column":36}},"loc":{"start":{"line":67,"column":52},"end":{"line":88,"column":5}},"line":67},"20":{"name":"(anonymous_20)","decl":{"start":{"line":69,"column":47},"end":{"line":69,"column":48}},"loc":{"start":{"line":69,"column":59},"end":{"line":87,"column":9}},"line":69},"21":{"name":"(anonymous_21)","decl":{"start":{"line":71,"column":37},"end":{"line":71,"column":38}},"loc":{"start":{"line":71,"column":51},"end":{"line":86,"column":13}},"line":71},"22":{"name":"(anonymous_22)","decl":{"start":{"line":77,"column":47},"end":{"line":77,"column":48}},"loc":{"start":{"line":77,"column":66},"end":{"line":79,"column":29}},"line":77},"23":{"name":"(anonymous_23)","decl":{"start":{"line":89,"column":40},"end":{"line":89,"column":41}},"loc":{"start":{"line":89,"column":75},"end":{"line":117,"column":5}},"line":89},"24":{"name":"(anonymous_24)","decl":{"start":{"line":93,"column":47},"end":{"line":93,"column":48}},"loc":{"start":{"line":93,"column":59},"end":{"line":116,"column":9}},"line":93},"25":{"name":"(anonymous_25)","decl":{"start":{"line":95,"column":37},"end":{"line":95,"column":38}},"loc":{"start":{"line":95,"column":51},"end":{"line":115,"column":13}},"line":95},"26":{"name":"(anonymous_26)","decl":{"start":{"line":103,"column":52},"end":{"line":103,"column":53}},"loc":{"start":{"line":103,"column":68},"end":{"line":103,"column":95}},"line":103},"27":{"name":"(anonymous_27)","decl":{"start":{"line":106,"column":47},"end":{"line":106,"column":48}},"loc":{"start":{"line":106,"column":66},"end":{"line":108,"column":29}},"line":106},"28":{"name":"(anonymous_28)","decl":{"start":{"line":118,"column":40},"end":{"line":118,"column":41}},"loc":{"start":{"line":118,"column":63},"end":{"line":142,"column":5}},"line":118},"29":{"name":"(anonymous_29)","decl":{"start":{"line":121,"column":47},"end":{"line":121,"column":48}},"loc":{"start":{"line":121,"column":59},"end":{"line":141,"column":9}},"line":121},"30":{"name":"(anonymous_30)","decl":{"start":{"line":123,"column":37},"end":{"line":123,"column":38}},"loc":{"start":{"line":123,"column":51},"end":{"line":140,"column":13}},"line":123},"31":{"name":"(anonymous_31)","decl":{"start":{"line":130,"column":53},"end":{"line":130,"column":54}},"loc":{"start":{"line":130,"column":69},"end":{"line":130,"column":99}},"line":130},"32":{"name":"(anonymous_32)","decl":{"start":{"line":131,"column":47},"end":{"line":131,"column":48}},"loc":{"start":{"line":131,"column":66},"end":{"line":133,"column":29}},"line":131}},"branchMap":{"0":{"loc":{"start":{"line":1,"column":16},"end":{"line":9,"column":1}},"type":"binary-expr","locations":[{"start":{"line":1,"column":17},"end":{"line":1,"column":21}},{"start":{"line":1,"column":25},"end":{"line":1,"column":39}},{"start":{"line":1,"column":44},"end":{"line":9,"column":1}}],"line":1},"1":{"loc":{"start":{"line":2,"column":35},"end":{"line":2,"column":109}},"type":"cond-expr","locations":[{"start":{"line":2,"column":56},"end":{"line":2,"column":61}},{"start":{"line":2,"column":64},"end":{"line":2,"column":109}}],"line":2},"2":{"loc":{"start":{"line":3,"column":16},"end":{"line":3,"column":34}},"type":"binary-expr","locations":[{"start":{"line":3,"column":16},"end":{"line":3,"column":17}},{"start":{"line":3,"column":22},"end":{"line":3,"column":33}}],"line":3},"3":{"loc":{"start":{"line":6,"column":32},"end":{"line":6,"column":115}},"type":"cond-expr","locations":[{"start":{"line":6,"column":46},"end":{"line":6,"column":67}},{"start":{"line":6,"column":70},"end":{"line":6,"column":115}}],"line":6},"4":{"loc":{"start":{"line":7,"column":51},"end":{"line":7,"column":67}},"type":"binary-expr","locations":[{"start":{"line":7,"column":51},"end":{"line":7,"column":61}},{"start":{"line":7,"column":65},"end":{"line":7,"column":67}}],"line":7},"5":{"loc":{"start":{"line":10,"column":18},"end":{"line":36,"column":1}},"type":"binary-expr","locations":[{"start":{"line":10,"column":19},"end":{"line":10,"column":23}},{"start":{"line":10,"column":27},"end":{"line":10,"column":43}},{"start":{"line":10,"column":48},"end":{"line":36,"column":1}}],"line":10},"6":{"loc":{"start":{"line":11,"column":43},"end":{"line":11,"column":68}},"type":"if","locations":[{"start":{"line":11,"column":43},"end":{"line":11,"column":68}},{"start":{"line":11,"column":43},"end":{"line":11,"column":68}}],"line":11},"7":{"loc":{"start":{"line":12,"column":71},"end":{"line":12,"column":153}},"type":"binary-expr","locations":[{"start":{"line":12,"column":71},"end":{"line":12,"column":99}},{"start":{"line":12,"column":104},"end":{"line":12,"column":152}}],"line":12},"8":{"loc":{"start":{"line":15,"column":8},"end":{"line":15,"column":70}},"type":"if","locations":[{"start":{"line":15,"column":8},"end":{"line":15,"column":70}},{"start":{"line":15,"column":8},"end":{"line":15,"column":70}}],"line":15},"9":{"loc":{"start":{"line":17,"column":12},"end":{"line":17,"column":169}},"type":"if","locations":[{"start":{"line":17,"column":12},"end":{"line":17,"column":169}},{"start":{"line":17,"column":12},"end":{"line":17,"column":169}}],"line":17},"10":{"loc":{"start":{"line":17,"column":23},"end":{"line":17,"column":158}},"type":"binary-expr","locations":[{"start":{"line":17,"column":23},"end":{"line":17,"column":24}},{"start":{"line":17,"column":29},"end":{"line":17,"column":125}},{"start":{"line":17,"column":130},"end":{"line":17,"column":158}}],"line":17},"11":{"loc":{"start":{"line":17,"column":33},"end":{"line":17,"column":125}},"type":"cond-expr","locations":[{"start":{"line":17,"column":45},"end":{"line":17,"column":56}},{"start":{"line":17,"column":59},"end":{"line":17,"column":125}}],"line":17},"12":{"loc":{"start":{"line":17,"column":59},"end":{"line":17,"column":125}},"type":"cond-expr","locations":[{"start":{"line":17,"column":67},"end":{"line":17,"column":116}},{"start":{"line":17,"column":119},"end":{"line":17,"column":125}}],"line":17},"13":{"loc":{"start":{"line":17,"column":67},"end":{"line":17,"column":116}},"type":"binary-expr","locations":[{"start":{"line":17,"column":67},"end":{"line":17,"column":77}},{"start":{"line":17,"column":82},"end":{"line":17,"column":115}}],"line":17},"14":{"loc":{"start":{"line":17,"column":82},"end":{"line":17,"column":112}},"type":"binary-expr","locations":[{"start":{"line":17,"column":83},"end":{"line":17,"column":98}},{"start":{"line":17,"column":103},"end":{"line":17,"column":112}}],"line":17},"15":{"loc":{"start":{"line":18,"column":12},"end":{"line":18,"column":52}},"type":"if","locations":[{"start":{"line":18,"column":12},"end":{"line":18,"column":52}},{"start":{"line":18,"column":12},"end":{"line":18,"column":52}}],"line":18},"16":{"loc":{"start":{"line":19,"column":12},"end":{"line":31,"column":13}},"type":"switch","locations":[{"start":{"line":20,"column":16},"end":{"line":20,"column":23}},{"start":{"line":20,"column":24},"end":{"line":20,"column":46}},{"start":{"line":21,"column":16},"end":{"line":21,"column":72}},{"start":{"line":22,"column":16},"end":{"line":22,"column":65}},{"start":{"line":23,"column":16},"end":{"line":23,"column":65}},{"start":{"line":24,"column":16},"end":{"line":30,"column":43}}],"line":19},"17":{"loc":{"start":{"line":25,"column":20},"end":{"line":25,"column":128}},"type":"if","locations":[{"start":{"line":25,"column":20},"end":{"line":25,"column":128}},{"start":{"line":25,"column":20},"end":{"line":25,"column":128}}],"line":25},"18":{"loc":{"start":{"line":25,"column":24},"end":{"line":25,"column":106}},"type":"binary-expr","locations":[{"start":{"line":25,"column":24},"end":{"line":25,"column":74}},{"start":{"line":25,"column":79},"end":{"line":25,"column":90}},{"start":{"line":25,"column":94},"end":{"line":25,"column":105}}],"line":25},"19":{"loc":{"start":{"line":25,"column":42},"end":{"line":25,"column":73}},"type":"binary-expr","locations":[{"start":{"line":25,"column":42},"end":{"line":25,"column":54}},{"start":{"line":25,"column":58},"end":{"line":25,"column":73}}],"line":25},"20":{"loc":{"start":{"line":26,"column":20},"end":{"line":26,"column":106}},"type":"if","locations":[{"start":{"line":26,"column":20},"end":{"line":26,"column":106}},{"start":{"line":26,"column":20},"end":{"line":26,"column":106}}],"line":26},"21":{"loc":{"start":{"line":26,"column":24},"end":{"line":26,"column":77}},"type":"binary-expr","locations":[{"start":{"line":26,"column":24},"end":{"line":26,"column":35}},{"start":{"line":26,"column":40},"end":{"line":26,"column":42}},{"start":{"line":26,"column":47},"end":{"line":26,"column":59}},{"start":{"line":26,"column":63},"end":{"line":26,"column":75}}],"line":26},"22":{"loc":{"start":{"line":27,"column":20},"end":{"line":27,"column":89}},"type":"if","locations":[{"start":{"line":27,"column":20},"end":{"line":27,"column":89}},{"start":{"line":27,"column":20},"end":{"line":27,"column":89}}],"line":27},"23":{"loc":{"start":{"line":27,"column":24},"end":{"line":27,"column":53}},"type":"binary-expr","locations":[{"start":{"line":27,"column":24},"end":{"line":27,"column":35}},{"start":{"line":27,"column":39},"end":{"line":27,"column":53}}],"line":27},"24":{"loc":{"start":{"line":28,"column":20},"end":{"line":28,"column":87}},"type":"if","locations":[{"start":{"line":28,"column":20},"end":{"line":28,"column":87}},{"start":{"line":28,"column":20},"end":{"line":28,"column":87}}],"line":28},"25":{"loc":{"start":{"line":28,"column":24},"end":{"line":28,"column":43}},"type":"binary-expr","locations":[{"start":{"line":28,"column":24},"end":{"line":28,"column":25}},{"start":{"line":28,"column":29},"end":{"line":28,"column":43}}],"line":28},"26":{"loc":{"start":{"line":29,"column":20},"end":{"line":29,"column":42}},"type":"if","locations":[{"start":{"line":29,"column":20},"end":{"line":29,"column":42}},{"start":{"line":29,"column":20},"end":{"line":29,"column":42}}],"line":29},"27":{"loc":{"start":{"line":34,"column":8},"end":{"line":34,"column":35}},"type":"if","locations":[{"start":{"line":34,"column":8},"end":{"line":34,"column":35}},{"start":{"line":34,"column":8},"end":{"line":34,"column":35}}],"line":34},"28":{"loc":{"start":{"line":34,"column":52},"end":{"line":34,"column":74}},"type":"cond-expr","locations":[{"start":{"line":34,"column":60},"end":{"line":34,"column":65}},{"start":{"line":34,"column":68},"end":{"line":34,"column":74}}],"line":34},"29":{"loc":{"start":{"line":43,"column":8},"end":{"line":43,"column":43}},"type":"if","locations":[{"start":{"line":43,"column":8},"end":{"line":43,"column":43}},{"start":{"line":43,"column":8},"end":{"line":43,"column":43}}],"line":43},"30":{"loc":{"start":{"line":44,"column":8},"end":{"line":44,"column":47}},"type":"if","locations":[{"start":{"line":44,"column":8},"end":{"line":44,"column":47}},{"start":{"line":44,"column":8},"end":{"line":44,"column":47}}],"line":44},"31":{"loc":{"start":{"line":48,"column":20},"end":{"line":58,"column":21}},"type":"if","locations":[{"start":{"line":48,"column":20},"end":{"line":58,"column":21}},{"start":{"line":48,"column":20},"end":{"line":58,"column":21}}],"line":48},"32":{"loc":{"start":{"line":51,"column":25},"end":{"line":58,"column":21}},"type":"if","locations":[{"start":{"line":51,"column":25},"end":{"line":58,"column":21}},{"start":{"line":51,"column":25},"end":{"line":58,"column":21}}],"line":51},"33":{"loc":{"start":{"line":68,"column":8},"end":{"line":68,"column":47}},"type":"if","locations":[{"start":{"line":68,"column":8},"end":{"line":68,"column":47}},{"start":{"line":68,"column":8},"end":{"line":68,"column":47}}],"line":68},"34":{"loc":{"start":{"line":73,"column":20},"end":{"line":80,"column":21}},"type":"if","locations":[{"start":{"line":73,"column":20},"end":{"line":80,"column":21}},{"start":{"line":73,"column":20},"end":{"line":80,"column":21}}],"line":73},"35":{"loc":{"start":{"line":90,"column":8},"end":{"line":90,"column":39}},"type":"if","locations":[{"start":{"line":90,"column":8},"end":{"line":90,"column":39}},{"start":{"line":90,"column":8},"end":{"line":90,"column":39}}],"line":90},"36":{"loc":{"start":{"line":91,"column":8},"end":{"line":91,"column":59}},"type":"if","locations":[{"start":{"line":91,"column":8},"end":{"line":91,"column":59}},{"start":{"line":91,"column":8},"end":{"line":91,"column":59}}],"line":91},"37":{"loc":{"start":{"line":92,"column":8},"end":{"line":92,"column":47}},"type":"if","locations":[{"start":{"line":92,"column":8},"end":{"line":92,"column":47}},{"start":{"line":92,"column":8},"end":{"line":92,"column":47}}],"line":92},"38":{"loc":{"start":{"line":97,"column":20},"end":{"line":109,"column":21}},"type":"if","locations":[{"start":{"line":97,"column":20},"end":{"line":109,"column":21}},{"start":{"line":97,"column":20},"end":{"line":109,"column":21}}],"line":97},"39":{"loc":{"start":{"line":119,"column":8},"end":{"line":119,"column":45}},"type":"if","locations":[{"start":{"line":119,"column":8},"end":{"line":119,"column":45}},{"start":{"line":119,"column":8},"end":{"line":119,"column":45}}],"line":119},"40":{"loc":{"start":{"line":120,"column":8},"end":{"line":120,"column":47}},"type":"if","locations":[{"start":{"line":120,"column":8},"end":{"line":120,"column":47}},{"start":{"line":120,"column":8},"end":{"line":120,"column":47}}],"line":120},"41":{"loc":{"start":{"line":125,"column":20},"end":{"line":134,"column":21}},"type":"if","locations":[{"start":{"line":125,"column":20},"end":{"line":134,"column":21}},{"start":{"line":125,"column":20},"end":{"line":134,"column":21}}],"line":125}},"s":{"0":1,"1":0,"2":0,"3":5,"4":0,"5":0,"6":0,"7":0,"8":0,"9":0,"10":5,"11":5,"12":1,"13":5,"14":0,"15":0,"16":0,"17":5,"18":0,"19":15,"20":5,"21":5,"22":0,"23":5,"24":10,"25":10,"26":0,"27":10,"28":0,"29":10,"30":5,"31":5,"32":0,"33":0,"34":0,"35":0,"36":0,"37":0,"38":0,"39":0,"40":0,"41":5,"42":5,"43":5,"44":0,"45":0,"46":0,"47":0,"48":0,"49":0,"50":0,"51":0,"52":0,"53":0,"54":0,"55":0,"56":0,"57":0,"58":0,"59":5,"60":0,"61":0,"62":10,"63":5,"64":0,"65":5,"66":1,"67":1,"68":1,"69":1,"70":2,"71":0,"72":2,"73":0,"74":2,"75":2,"76":2,"77":2,"78":1,"79":1,"80":0,"81":1,"82":1,"83":1,"84":0,"85":1,"86":1,"87":1,"88":1,"89":1,"90":1,"91":1,"92":1,"93":0,"94":1,"95":1,"96":0,"97":0,"98":1,"99":1,"100":0,"101":1,"102":0,"103":1,"104":1,"105":1,"106":1,"107":1,"108":1,"109":0,"110":1,"111":1,"112":1,"113":3,"114":1,"115":1,"116":1,"117":1,"118":0,"119":0,"120":1,"121":1,"122":0,"123":1,"124":1,"125":1,"126":1,"127":1,"128":1,"129":0,"130":1,"131":1,"132":3,"133":1,"134":1,"135":0,"136":0,"137":1,"138":1},"f":{"0":5,"1":0,"2":0,"3":5,"4":0,"5":0,"6":5,"7":5,"8":0,"9":0,"10":15,"11":5,"12":5,"13":1,"14":1,"15":2,"16":2,"17":2,"18":1,"19":1,"20":1,"21":1,"22":1,"23":1,"24":1,"25":1,"26":3,"27":1,"28":1,"29":1,"30":1,"31":3,"32":1},"b":{"0":[1,1,1],"1":[0,0],"2":[5,5],"3":[5,0],"4":[5,5],"5":[1,1,1],"6":[0,0],"7":[5,5],"8":[0,5],"9":[0,10],"10":[10,0,0],"11":[0,0],"12":[0,0],"13":[0,0],"14":[0,0],"15":[0,10],"16":[5,5,0,0,0,5],"17":[5,0],"18":[5,5,5],"19":[5,0],"20":[0,0],"21":[0,0,0,0],"22":[0,0],"23":[0,0],"24":[0,0],"25":[0,0],"26":[0,0],"27":[0,5],"28":[5,0],"29":[0,2],"30":[0,2],"31":[1,1],"32":[0,1],"33":[1,0],"34":[0,1],"35":[0,1],"36":[0,1],"37":[1,0],"38":[0,1],"39":[0,1],"40":[1,0],"41":[0,1]},"inputSourceMap":null,"_coverageSchema":"1a1c01bbd47fc00a2c39e90264f33305004495a9","hash":"6ae147902bef70a2ad4822f177d71c38674384d6"}
,"/home/julia/Workspace/pessoais/my-project/my-server/build/tests/mocks/usersDataMock.js": {"path":"/home/julia/Workspace/pessoais/my-project/my-server/build/tests/mocks/usersDataMock.js","statementMap":{"0":{"start":{"line":1,"column":20},"end":{"line":38,"column":3}},"1":{"start":{"line":3,"column":8},"end":{"line":28,"column":10}},"2":{"start":{"line":30,"column":4},"end":{"line":32,"column":6}},"3":{"start":{"line":31,"column":8},"end":{"line":31,"column":25}},"4":{"start":{"line":33,"column":4},"end":{"line":36,"column":6}},"5":{"start":{"line":34,"column":8},"end":{"line":34,"column":29}},"6":{"start":{"line":35,"column":8},"end":{"line":35,"column":15}},"7":{"start":{"line":37,"column":4},"end":{"line":37,"column":24}},"8":{"start":{"line":39,"column":0},"end":{"line":39,"column":30}}},"fnMap":{"0":{"name":"(anonymous_0)","decl":{"start":{"line":1,"column":20},"end":{"line":1,"column":21}},"loc":{"start":{"line":1,"column":32},"end":{"line":38,"column":1}},"line":1},"1":{"name":"UserDataMock","decl":{"start":{"line":2,"column":13},"end":{"line":2,"column":25}},"loc":{"start":{"line":2,"column":28},"end":{"line":29,"column":5}},"line":2},"2":{"name":"(anonymous_2)","decl":{"start":{"line":30,"column":37},"end":{"line":30,"column":38}},"loc":{"start":{"line":30,"column":49},"end":{"line":32,"column":5}},"line":30},"3":{"name":"(anonymous_3)","decl":{"start":{"line":33,"column":37},"end":{"line":33,"column":38}},"loc":{"start":{"line":33,"column":53},"end":{"line":36,"column":5}},"line":33}},"branchMap":{},"s":{"0":1,"1":1,"2":1,"3":3,"4":1,"5":0,"6":0,"7":1,"8":1},"f":{"0":1,"1":1,"2":3,"3":0},"b":{},"inputSourceMap":null,"_coverageSchema":"1a1c01bbd47fc00a2c39e90264f33305004495a9","hash":"f6478216f8ac5c4d71f6572b2bb6ac8a65ce38fc"}
}
