TN:
SF:build/controllers/index.js
FN:1,julia
FNF:1
FNH:0
FNDA:0,julia
DA:2,0
DA:4,1
LF:2
LH:1
BRF:0
BRH:0
end_of_record
TN:
SF:build/controllers/pollingProcess.js
FN:1,(anonymous_0)
FN:2,adopt
FN:2,(anonymous_2)
FN:3,(anonymous_3)
FN:4,fulfilled
FN:5,rejected
FN:6,step
FN:10,(anonymous_7)
FN:11,(anonymous_8)
FN:12,(anonymous_9)
FN:13,verb
FN:13,(anonymous_11)
FN:14,step
FN:37,getProcesses
FN:39,(anonymous_14)
FN:41,(anonymous_15)
FN:63,insertProcess
FN:67,(anonymous_17)
FN:69,(anonymous_18)
FN:88,updatedProcess
FN:93,(anonymous_20)
FN:95,(anonymous_21)
FN:117,deleteProcessById
FN:121,(anonymous_23)
FN:123,(anonymous_24)
FNF:25
FNH:22
FNDA:12,(anonymous_0)
FNDA:5,adopt
FNDA:0,(anonymous_2)
FNDA:12,(anonymous_3)
FNDA:5,fulfilled
FNDA:0,rejected
FNDA:17,step
FNDA:12,(anonymous_7)
FNDA:12,(anonymous_8)
FNDA:0,(anonymous_9)
FNDA:36,verb
FNDA:17,(anonymous_11)
FNDA:17,step
FNDA:2,getProcesses
FNDA:2,(anonymous_14)
FNDA:4,(anonymous_15)
FNDA:4,insertProcess
FNDA:4,(anonymous_17)
FNDA:8,(anonymous_18)
FNDA:3,updatedProcess
FNDA:3,(anonymous_20)
FNDA:6,(anonymous_21)
FNDA:3,deleteProcessById
FNDA:3,(anonymous_23)
FNDA:6,(anonymous_24)
DA:1,1
DA:2,5
DA:3,12
DA:4,5
DA:5,0
DA:6,17
DA:7,12
DA:10,1
DA:11,12
DA:12,12
DA:13,36
DA:15,17
DA:16,53
DA:17,53
DA:18,53
DA:19,53
DA:20,17
DA:21,5
DA:22,0
DA:23,0
DA:25,31
DA:26,19
DA:27,19
DA:28,12
DA:29,12
DA:30,12
DA:32,24
DA:33,53
DA:34,12
DA:37,1
DA:38,2
DA:39,2
DA:41,2
DA:42,4
DA:44,2
DA:45,2
DA:46,1
DA:48,1
DA:50,1
DA:51,1
DA:52,0
DA:54,1
DA:56,1
DA:57,1
DA:58,0
DA:63,1
DA:64,4
DA:65,4
DA:66,4
DA:67,4
DA:69,4
DA:70,8
DA:72,4
DA:73,4
DA:74,2
DA:76,2
DA:78,2
DA:79,2
DA:81,2
DA:82,2
DA:83,0
DA:88,1
DA:89,3
DA:90,3
DA:91,3
DA:92,3
DA:93,3
DA:95,3
DA:96,6
DA:98,3
DA:99,3
DA:100,2
DA:102,1
DA:104,1
DA:105,1
DA:106,0
DA:108,1
DA:110,2
DA:111,2
DA:112,0
DA:117,1
DA:118,3
DA:119,3
DA:120,3
DA:121,3
DA:123,3
DA:124,6
DA:126,3
DA:127,3
DA:128,2
DA:130,1
DA:132,1
DA:133,1
DA:134,0
DA:136,1
DA:138,2
DA:139,2
DA:140,0
LF:98
LH:88
BRDA:1,0,0,1
BRDA:1,0,1,1
BRDA:1,0,2,1
BRDA:2,1,0,5
BRDA:2,1,1,0
BRDA:3,2,0,12
BRDA:3,2,1,12
BRDA:6,3,0,12
BRDA:6,3,1,5
BRDA:7,4,0,12
BRDA:7,4,1,12
BRDA:10,5,0,1
BRDA:10,5,1,1
BRDA:10,5,2,1
BRDA:11,6,0,0
BRDA:11,6,1,12
BRDA:12,7,0,12
BRDA:12,7,1,12
BRDA:15,8,0,0
BRDA:15,8,1,17
BRDA:17,9,0,0
BRDA:17,9,1,53
BRDA:17,10,0,53
BRDA:17,10,1,0
BRDA:17,10,2,0
BRDA:17,11,0,0
BRDA:17,11,1,0
BRDA:17,12,0,0
BRDA:17,12,1,0
BRDA:17,13,0,0
BRDA:17,13,1,0
BRDA:17,14,0,0
BRDA:17,14,1,0
BRDA:18,15,0,0
BRDA:18,15,1,53
BRDA:19,16,0,17
BRDA:19,16,1,17
BRDA:19,16,2,5
BRDA:19,16,3,0
BRDA:19,16,4,0
BRDA:19,16,5,31
BRDA:25,17,0,12
BRDA:25,17,1,19
BRDA:25,18,0,31
BRDA:25,18,1,12
BRDA:25,18,2,12
BRDA:25,19,0,31
BRDA:25,19,1,19
BRDA:26,20,0,0
BRDA:26,20,1,19
BRDA:26,21,0,19
BRDA:26,21,1,0
BRDA:26,21,2,0
BRDA:26,21,3,0
BRDA:27,22,0,7
BRDA:27,22,1,12
BRDA:27,23,0,19
BRDA:27,23,1,7
BRDA:28,24,0,0
BRDA:28,24,1,12
BRDA:28,25,0,12
BRDA:28,25,1,12
BRDA:29,26,0,0
BRDA:29,26,1,12
BRDA:34,27,0,0
BRDA:34,27,1,12
BRDA:34,28,0,12
BRDA:34,28,1,0
BRDA:38,29,0,0
BRDA:38,29,1,2
BRDA:42,30,0,2
BRDA:42,30,1,1
BRDA:42,30,2,1
BRDA:42,30,3,0
BRDA:45,31,0,1
BRDA:45,31,1,1
BRDA:51,32,0,0
BRDA:51,32,1,1
BRDA:64,33,0,0
BRDA:64,33,1,4
BRDA:65,34,0,2
BRDA:65,34,1,2
BRDA:66,35,0,3
BRDA:66,35,1,1
BRDA:70,36,0,4
BRDA:70,36,1,2
BRDA:70,36,2,2
BRDA:70,36,3,0
BRDA:73,37,0,2
BRDA:73,37,1,2
BRDA:89,38,0,0
BRDA:89,38,1,3
BRDA:90,39,0,0
BRDA:90,39,1,3
BRDA:91,40,0,2
BRDA:91,40,1,1
BRDA:92,41,0,3
BRDA:92,41,1,0
BRDA:96,42,0,3
BRDA:96,42,1,1
BRDA:96,42,2,2
BRDA:96,42,3,0
BRDA:99,43,0,2
BRDA:99,43,1,1
BRDA:105,44,0,0
BRDA:105,44,1,1
BRDA:118,45,0,0
BRDA:118,45,1,3
BRDA:119,46,0,1
BRDA:119,46,1,2
BRDA:120,47,0,3
BRDA:120,47,1,0
BRDA:124,48,0,3
BRDA:124,48,1,1
BRDA:124,48,2,2
BRDA:124,48,3,0
BRDA:127,49,0,2
BRDA:127,49,1,1
BRDA:133,50,0,0
BRDA:133,50,1,1
BRF:120
BRH:81
end_of_record
TN:
SF:build/controllers/restaurant.js
FN:1,(anonymous_0)
FN:2,adopt
FN:2,(anonymous_2)
FN:3,(anonymous_3)
FN:4,fulfilled
FN:5,rejected
FN:6,step
FN:10,(anonymous_7)
FN:11,(anonymous_8)
FN:12,(anonymous_9)
FN:13,verb
FN:13,(anonymous_11)
FN:14,step
FN:37,getRestaurants
FN:39,(anonymous_14)
FN:41,(anonymous_15)
FN:63,insertRestaurant
FN:67,(anonymous_17)
FN:69,(anonymous_18)
FN:88,updateRestaurant
FN:93,(anonymous_20)
FN:95,(anonymous_21)
FN:117,deleteRestaurantByName
FN:121,(anonymous_23)
FN:123,(anonymous_24)
FNF:25
FNH:22
FNDA:12,(anonymous_0)
FNDA:5,adopt
FNDA:0,(anonymous_2)
FNDA:12,(anonymous_3)
FNDA:5,fulfilled
FNDA:0,rejected
FNDA:17,step
FNDA:12,(anonymous_7)
FNDA:12,(anonymous_8)
FNDA:0,(anonymous_9)
FNDA:36,verb
FNDA:17,(anonymous_11)
FNDA:17,step
FNDA:2,getRestaurants
FNDA:2,(anonymous_14)
FNDA:4,(anonymous_15)
FNDA:4,insertRestaurant
FNDA:4,(anonymous_17)
FNDA:8,(anonymous_18)
FNDA:3,updateRestaurant
FNDA:3,(anonymous_20)
FNDA:6,(anonymous_21)
FNDA:3,deleteRestaurantByName
FNDA:3,(anonymous_23)
FNDA:6,(anonymous_24)
DA:1,1
DA:2,5
DA:3,12
DA:4,5
DA:5,0
DA:6,17
DA:7,12
DA:10,1
DA:11,12
DA:12,12
DA:13,36
DA:15,17
DA:16,53
DA:17,53
DA:18,53
DA:19,53
DA:20,17
DA:21,5
DA:22,0
DA:23,0
DA:25,31
DA:26,19
DA:27,19
DA:28,12
DA:29,12
DA:30,12
DA:32,24
DA:33,53
DA:34,12
DA:37,1
DA:38,2
DA:39,2
DA:41,2
DA:42,4
DA:44,2
DA:45,2
DA:46,1
DA:48,1
DA:50,1
DA:51,1
DA:52,0
DA:54,1
DA:56,1
DA:57,1
DA:58,0
DA:63,1
DA:64,4
DA:65,4
DA:66,4
DA:67,4
DA:69,4
DA:70,8
DA:72,4
DA:73,4
DA:74,2
DA:76,2
DA:78,2
DA:79,2
DA:81,2
DA:82,2
DA:83,0
DA:88,1
DA:89,3
DA:90,3
DA:91,3
DA:92,3
DA:93,3
DA:95,3
DA:96,6
DA:98,3
DA:99,3
DA:100,2
DA:102,1
DA:104,1
DA:105,1
DA:106,0
DA:108,1
DA:110,2
DA:111,2
DA:112,0
DA:117,1
DA:118,3
DA:119,3
DA:120,3
DA:121,3
DA:123,3
DA:124,6
DA:126,3
DA:127,3
DA:128,2
DA:130,1
DA:132,1
DA:133,1
DA:134,0
DA:136,1
DA:138,2
DA:139,2
DA:140,0
LF:98
LH:88
BRDA:1,0,0,1
BRDA:1,0,1,1
BRDA:1,0,2,1
BRDA:2,1,0,5
BRDA:2,1,1,0
BRDA:3,2,0,12
BRDA:3,2,1,12
BRDA:6,3,0,12
BRDA:6,3,1,5
BRDA:7,4,0,12
BRDA:7,4,1,12
BRDA:10,5,0,1
BRDA:10,5,1,1
BRDA:10,5,2,1
BRDA:11,6,0,0
BRDA:11,6,1,12
BRDA:12,7,0,12
BRDA:12,7,1,12
BRDA:15,8,0,0
BRDA:15,8,1,17
BRDA:17,9,0,0
BRDA:17,9,1,53
BRDA:17,10,0,53
BRDA:17,10,1,0
BRDA:17,10,2,0
BRDA:17,11,0,0
BRDA:17,11,1,0
BRDA:17,12,0,0
BRDA:17,12,1,0
BRDA:17,13,0,0
BRDA:17,13,1,0
BRDA:17,14,0,0
BRDA:17,14,1,0
BRDA:18,15,0,0
BRDA:18,15,1,53
BRDA:19,16,0,17
BRDA:19,16,1,17
BRDA:19,16,2,5
BRDA:19,16,3,0
BRDA:19,16,4,0
BRDA:19,16,5,31
BRDA:25,17,0,12
BRDA:25,17,1,19
BRDA:25,18,0,31
BRDA:25,18,1,12
BRDA:25,18,2,12
BRDA:25,19,0,31
BRDA:25,19,1,19
BRDA:26,20,0,0
BRDA:26,20,1,19
BRDA:26,21,0,19
BRDA:26,21,1,0
BRDA:26,21,2,0
BRDA:26,21,3,0
BRDA:27,22,0,7
BRDA:27,22,1,12
BRDA:27,23,0,19
BRDA:27,23,1,7
BRDA:28,24,0,0
BRDA:28,24,1,12
BRDA:28,25,0,12
BRDA:28,25,1,12
BRDA:29,26,0,0
BRDA:29,26,1,12
BRDA:34,27,0,0
BRDA:34,27,1,12
BRDA:34,28,0,12
BRDA:34,28,1,0
BRDA:38,29,0,0
BRDA:38,29,1,2
BRDA:42,30,0,2
BRDA:42,30,1,1
BRDA:42,30,2,1
BRDA:42,30,3,0
BRDA:45,31,0,1
BRDA:45,31,1,1
BRDA:51,32,0,0
BRDA:51,32,1,1
BRDA:64,33,0,0
BRDA:64,33,1,4
BRDA:65,34,0,2
BRDA:65,34,1,2
BRDA:66,35,0,3
BRDA:66,35,1,1
BRDA:70,36,0,4
BRDA:70,36,1,2
BRDA:70,36,2,2
BRDA:70,36,3,0
BRDA:73,37,0,2
BRDA:73,37,1,2
BRDA:89,38,0,0
BRDA:89,38,1,3
BRDA:90,39,0,0
BRDA:90,39,1,3
BRDA:91,40,0,2
BRDA:91,40,1,1
BRDA:92,41,0,3
BRDA:92,41,1,0
BRDA:96,42,0,3
BRDA:96,42,1,1
BRDA:96,42,2,2
BRDA:96,42,3,0
BRDA:99,43,0,2
BRDA:99,43,1,1
BRDA:105,44,0,0
BRDA:105,44,1,1
BRDA:118,45,0,0
BRDA:118,45,1,3
BRDA:119,46,0,1
BRDA:119,46,1,2
BRDA:120,47,0,3
BRDA:120,47,1,0
BRDA:124,48,0,3
BRDA:124,48,1,1
BRDA:124,48,2,2
BRDA:124,48,3,0
BRDA:127,49,0,2
BRDA:127,49,1,1
BRDA:133,50,0,0
BRDA:133,50,1,1
BRF:120
BRH:81
end_of_record
TN:
SF:build/controllers/root.js
FN:2,(anonymous_0)
FNF:1
FNH:1
FNDA:1,(anonymous_0)
DA:1,1
DA:3,1
DA:4,1
LF:3
LH:3
BRF:0
BRH:0
end_of_record
TN:
SF:build/controllers/user.js
FN:1,(anonymous_0)
FN:2,adopt
FN:2,(anonymous_2)
FN:3,(anonymous_3)
FN:4,fulfilled
FN:5,rejected
FN:6,step
FN:10,(anonymous_7)
FN:11,(anonymous_8)
FN:12,(anonymous_9)
FN:13,verb
FN:13,(anonymous_11)
FN:14,step
FN:37,getUsers
FN:39,(anonymous_14)
FN:41,(anonymous_15)
FN:63,insertUser
FN:67,(anonymous_17)
FN:69,(anonymous_18)
FN:94,updateUser
FN:99,(anonymous_20)
FN:101,(anonymous_21)
FN:123,deleteUserByName
FN:127,(anonymous_23)
FN:129,(anonymous_24)
FNF:25
FNH:22
FNDA:12,(anonymous_0)
FNDA:5,adopt
FNDA:0,(anonymous_2)
FNDA:12,(anonymous_3)
FNDA:5,fulfilled
FNDA:0,rejected
FNDA:17,step
FNDA:12,(anonymous_7)
FNDA:13,(anonymous_8)
FNDA:0,(anonymous_9)
FNDA:36,verb
FNDA:17,(anonymous_11)
FNDA:17,step
FNDA:2,getUsers
FNDA:2,(anonymous_14)
FNDA:4,(anonymous_15)
FNDA:4,insertUser
FNDA:4,(anonymous_17)
FNDA:9,(anonymous_18)
FNDA:3,updateUser
FNDA:3,(anonymous_20)
FNDA:6,(anonymous_21)
FNDA:3,deleteUserByName
FNDA:3,(anonymous_23)
FNDA:6,(anonymous_24)
DA:1,1
DA:2,5
DA:3,12
DA:4,5
DA:5,0
DA:6,17
DA:7,12
DA:10,1
DA:11,13
DA:12,12
DA:13,36
DA:15,17
DA:16,54
DA:17,54
DA:18,54
DA:19,54
DA:20,17
DA:21,5
DA:22,0
DA:23,0
DA:25,32
DA:26,20
DA:27,20
DA:28,12
DA:29,12
DA:30,12
DA:32,25
DA:33,54
DA:34,12
DA:37,1
DA:38,2
DA:39,2
DA:41,2
DA:42,4
DA:44,2
DA:45,2
DA:46,1
DA:48,1
DA:50,1
DA:51,1
DA:52,0
DA:54,1
DA:56,1
DA:57,1
DA:58,0
DA:63,1
DA:64,4
DA:65,4
DA:66,4
DA:67,4
DA:69,4
DA:70,9
DA:72,4
DA:73,4
DA:74,1
DA:76,3
DA:77,1
DA:79,2
DA:81,2
DA:82,2
DA:83,1
DA:85,1
DA:87,3
DA:88,3
DA:89,0
DA:94,1
DA:95,3
DA:96,3
DA:97,3
DA:98,3
DA:99,3
DA:101,3
DA:102,6
DA:104,3
DA:105,3
DA:106,2
DA:108,1
DA:110,1
DA:111,1
DA:112,0
DA:114,1
DA:116,2
DA:117,2
DA:118,0
DA:123,1
DA:124,3
DA:125,3
DA:126,3
DA:127,3
DA:129,3
DA:130,6
DA:132,3
DA:133,3
DA:134,2
DA:136,1
DA:138,1
DA:139,1
DA:140,0
DA:142,1
DA:144,2
DA:145,2
DA:146,0
LF:102
LH:92
BRDA:1,0,0,1
BRDA:1,0,1,1
BRDA:1,0,2,1
BRDA:2,1,0,5
BRDA:2,1,1,0
BRDA:3,2,0,12
BRDA:3,2,1,12
BRDA:6,3,0,12
BRDA:6,3,1,5
BRDA:7,4,0,12
BRDA:7,4,1,12
BRDA:10,5,0,1
BRDA:10,5,1,1
BRDA:10,5,2,1
BRDA:11,6,0,0
BRDA:11,6,1,13
BRDA:12,7,0,12
BRDA:12,7,1,12
BRDA:15,8,0,0
BRDA:15,8,1,17
BRDA:17,9,0,0
BRDA:17,9,1,54
BRDA:17,10,0,54
BRDA:17,10,1,0
BRDA:17,10,2,0
BRDA:17,11,0,0
BRDA:17,11,1,0
BRDA:17,12,0,0
BRDA:17,12,1,0
BRDA:17,13,0,0
BRDA:17,13,1,0
BRDA:17,14,0,0
BRDA:17,14,1,0
BRDA:18,15,0,0
BRDA:18,15,1,54
BRDA:19,16,0,17
BRDA:19,16,1,17
BRDA:19,16,2,5
BRDA:19,16,3,0
BRDA:19,16,4,0
BRDA:19,16,5,32
BRDA:25,17,0,12
BRDA:25,17,1,20
BRDA:25,18,0,32
BRDA:25,18,1,12
BRDA:25,18,2,12
BRDA:25,19,0,32
BRDA:25,19,1,20
BRDA:26,20,0,0
BRDA:26,20,1,20
BRDA:26,21,0,20
BRDA:26,21,1,0
BRDA:26,21,2,0
BRDA:26,21,3,0
BRDA:27,22,0,8
BRDA:27,22,1,12
BRDA:27,23,0,20
BRDA:27,23,1,8
BRDA:28,24,0,0
BRDA:28,24,1,12
BRDA:28,25,0,12
BRDA:28,25,1,12
BRDA:29,26,0,0
BRDA:29,26,1,12
BRDA:34,27,0,0
BRDA:34,27,1,12
BRDA:34,28,0,12
BRDA:34,28,1,0
BRDA:38,29,0,0
BRDA:38,29,1,2
BRDA:42,30,0,2
BRDA:42,30,1,1
BRDA:42,30,2,1
BRDA:42,30,3,0
BRDA:45,31,0,1
BRDA:45,31,1,1
BRDA:51,32,0,0
BRDA:51,32,1,1
BRDA:64,33,0,0
BRDA:64,33,1,4
BRDA:65,34,0,1
BRDA:65,34,1,3
BRDA:66,35,0,3
BRDA:66,35,1,1
BRDA:70,36,0,4
BRDA:70,36,1,2
BRDA:70,36,2,3
BRDA:70,36,3,0
BRDA:73,37,0,1
BRDA:73,37,1,3
BRDA:76,38,0,1
BRDA:76,38,1,2
BRDA:82,39,0,1
BRDA:82,39,1,1
BRDA:95,40,0,0
BRDA:95,40,1,3
BRDA:96,41,0,0
BRDA:96,41,1,3
BRDA:97,42,0,2
BRDA:97,42,1,1
BRDA:98,43,0,3
BRDA:98,43,1,0
BRDA:102,44,0,3
BRDA:102,44,1,1
BRDA:102,44,2,2
BRDA:102,44,3,0
BRDA:105,45,0,2
BRDA:105,45,1,1
BRDA:111,46,0,0
BRDA:111,46,1,1
BRDA:124,47,0,0
BRDA:124,47,1,3
BRDA:125,48,0,1
BRDA:125,48,1,2
BRDA:126,49,0,3
BRDA:126,49,1,0
BRDA:130,50,0,3
BRDA:130,50,1,1
BRDA:130,50,2,2
BRDA:130,50,3,0
BRDA:133,51,0,2
BRDA:133,51,1,1
BRDA:139,52,0,0
BRDA:139,52,1,1
BRF:124
BRH:85
end_of_record
TN:
SF:build/routers/index.js
FN:4,(anonymous_0)
FNF:1
FNH:0
FNDA:0,(anonymous_0)
DA:1,1
DA:2,1
DA:3,1
DA:4,1
DA:5,0
DA:6,0
DA:8,1
LF:7
LH:5
BRF:0
BRH:0
end_of_record
TN:
SF:build/routers/root.js
FN:4,(anonymous_0)
FNF:1
FNH:1
FNDA:1,(anonymous_0)
DA:1,1
DA:2,1
DA:3,1
DA:4,1
DA:5,1
DA:6,1
DA:8,1
LF:7
LH:7
BRF:0
BRH:0
end_of_record
TN:
SF:build/server/app.js
FN:9,(anonymous_0)
FN:14,(anonymous_1)
FNF:2
FNH:2
FNDA:1,(anonymous_0)
FNDA:1,(anonymous_1)
DA:1,1
DA:2,1
DA:3,1
DA:4,1
DA:5,1
DA:6,1
DA:7,1
DA:8,1
DA:9,1
DA:10,1
DA:12,1
DA:13,1
DA:14,1
DA:15,1
DA:16,1
DA:17,1
DA:18,1
DA:20,1
DA:21,1
LF:19
LH:19
BRF:0
BRH:0
end_of_record
TN:
SF:build/tests/mocks/pollingProcessDataMock.js
FN:1,(anonymous_0)
FN:2,PollingProcessDataMock
FN:39,(anonymous_2)
FN:42,(anonymous_3)
FNF:4
FNH:3
FNDA:1,(anonymous_0)
FNDA:1,PollingProcessDataMock
FNDA:3,(anonymous_2)
FNDA:0,(anonymous_3)
DA:1,1
DA:3,1
DA:39,1
DA:40,3
DA:42,1
DA:43,0
DA:44,0
DA:46,1
DA:48,1
LF:9
LH:7
BRF:0
BRH:0
end_of_record
TN:
SF:build/tests/mocks/pollingProcessModelMock.js
FN:1,(anonymous_0)
FN:2,adopt
FN:2,(anonymous_2)
FN:3,(anonymous_3)
FN:4,fulfilled
FN:5,rejected
FN:6,step
FN:10,(anonymous_7)
FN:11,(anonymous_8)
FN:12,(anonymous_9)
FN:13,verb
FN:13,(anonymous_11)
FN:14,step
FN:38,(anonymous_13)
FN:39,pollingProcessModelMock
FN:42,(anonymous_15)
FN:45,(anonymous_16)
FN:46,(anonymous_17)
FN:55,(anonymous_18)
FN:67,(anonymous_19)
FN:69,(anonymous_20)
FN:71,(anonymous_21)
FN:77,(anonymous_22)
FN:89,(anonymous_23)
FN:93,(anonymous_24)
FN:95,(anonymous_25)
FN:103,(anonymous_26)
FN:106,(anonymous_27)
FN:118,(anonymous_28)
FN:121,(anonymous_29)
FN:123,(anonymous_30)
FN:130,(anonymous_31)
FN:131,(anonymous_32)
FNF:33
FNH:27
FNDA:5,(anonymous_0)
FNDA:0,adopt
FNDA:0,(anonymous_2)
FNDA:5,(anonymous_3)
FNDA:0,fulfilled
FNDA:0,rejected
FNDA:5,step
FNDA:5,(anonymous_7)
FNDA:0,(anonymous_8)
FNDA:0,(anonymous_9)
FNDA:15,verb
FNDA:5,(anonymous_11)
FNDA:5,step
FNDA:1,(anonymous_13)
FNDA:1,pollingProcessModelMock
FNDA:2,(anonymous_15)
FNDA:2,(anonymous_16)
FNDA:2,(anonymous_17)
FNDA:1,(anonymous_18)
FNDA:1,(anonymous_19)
FNDA:1,(anonymous_20)
FNDA:1,(anonymous_21)
FNDA:1,(anonymous_22)
FNDA:1,(anonymous_23)
FNDA:1,(anonymous_24)
FNDA:1,(anonymous_25)
FNDA:3,(anonymous_26)
FNDA:1,(anonymous_27)
FNDA:1,(anonymous_28)
FNDA:1,(anonymous_29)
FNDA:1,(anonymous_30)
FNDA:3,(anonymous_31)
FNDA:1,(anonymous_32)
DA:1,1
DA:2,0
DA:3,5
DA:4,0
DA:5,0
DA:6,5
DA:7,5
DA:10,1
DA:11,5
DA:12,5
DA:13,15
DA:15,5
DA:16,10
DA:17,10
DA:18,10
DA:19,10
DA:20,5
DA:21,0
DA:22,0
DA:23,0
DA:25,5
DA:26,0
DA:27,0
DA:28,0
DA:29,0
DA:30,0
DA:32,5
DA:33,10
DA:34,5
DA:37,1
DA:38,1
DA:40,1
DA:42,1
DA:43,2
DA:44,2
DA:45,2
DA:46,2
DA:47,2
DA:48,2
DA:49,1
DA:51,1
DA:52,0
DA:55,1
DA:56,1
DA:61,1
DA:63,0
DA:67,1
DA:68,1
DA:69,1
DA:70,1
DA:71,1
DA:72,1
DA:73,1
DA:74,0
DA:77,1
DA:78,1
DA:83,0
DA:85,0
DA:89,1
DA:90,1
DA:91,1
DA:92,1
DA:93,1
DA:95,1
DA:96,1
DA:97,1
DA:98,0
DA:101,1
DA:102,1
DA:103,3
DA:104,1
DA:105,1
DA:106,1
DA:107,1
DA:112,0
DA:114,0
DA:118,1
DA:119,1
DA:120,1
DA:121,1
DA:123,1
DA:124,1
DA:125,1
DA:126,0
DA:129,1
DA:130,3
DA:131,1
DA:132,1
DA:137,0
DA:139,0
DA:143,1
DA:145,1
LF:92
LH:70
BRDA:1,0,0,1
BRDA:1,0,1,1
BRDA:1,0,2,1
BRDA:2,1,0,0
BRDA:2,1,1,0
BRDA:3,2,0,5
BRDA:3,2,1,5
BRDA:6,3,0,5
BRDA:6,3,1,0
BRDA:7,4,0,5
BRDA:7,4,1,5
BRDA:10,5,0,1
BRDA:10,5,1,1
BRDA:10,5,2,1
BRDA:11,6,0,0
BRDA:11,6,1,0
BRDA:12,7,0,5
BRDA:12,7,1,5
BRDA:15,8,0,0
BRDA:15,8,1,5
BRDA:17,9,0,0
BRDA:17,9,1,10
BRDA:17,10,0,10
BRDA:17,10,1,0
BRDA:17,10,2,0
BRDA:17,11,0,0
BRDA:17,11,1,0
BRDA:17,12,0,0
BRDA:17,12,1,0
BRDA:17,13,0,0
BRDA:17,13,1,0
BRDA:17,14,0,0
BRDA:17,14,1,0
BRDA:18,15,0,0
BRDA:18,15,1,10
BRDA:19,16,0,5
BRDA:19,16,1,5
BRDA:19,16,2,0
BRDA:19,16,3,0
BRDA:19,16,4,0
BRDA:19,16,5,5
BRDA:25,17,0,5
BRDA:25,17,1,0
BRDA:25,18,0,5
BRDA:25,18,1,5
BRDA:25,18,2,5
BRDA:25,19,0,5
BRDA:25,19,1,0
BRDA:26,20,0,0
BRDA:26,20,1,0
BRDA:26,21,0,0
BRDA:26,21,1,0
BRDA:26,21,2,0
BRDA:26,21,3,0
BRDA:27,22,0,0
BRDA:27,22,1,0
BRDA:27,23,0,0
BRDA:27,23,1,0
BRDA:28,24,0,0
BRDA:28,24,1,0
BRDA:28,25,0,0
BRDA:28,25,1,0
BRDA:29,26,0,0
BRDA:29,26,1,0
BRDA:34,27,0,0
BRDA:34,27,1,5
BRDA:34,28,0,5
BRDA:34,28,1,0
BRDA:43,29,0,0
BRDA:43,29,1,2
BRDA:44,30,0,0
BRDA:44,30,1,2
BRDA:48,31,0,1
BRDA:48,31,1,1
BRDA:51,32,0,0
BRDA:51,32,1,1
BRDA:68,33,0,1
BRDA:68,33,1,0
BRDA:73,34,0,0
BRDA:73,34,1,1
BRDA:90,35,0,0
BRDA:90,35,1,1
BRDA:91,36,0,0
BRDA:91,36,1,1
BRDA:92,37,0,1
BRDA:92,37,1,0
BRDA:97,38,0,0
BRDA:97,38,1,1
BRDA:119,39,0,0
BRDA:119,39,1,1
BRDA:120,40,0,1
BRDA:120,40,1,0
BRDA:125,41,0,0
BRDA:125,41,1,1
BRF:94
BRH:41
end_of_record
TN:
SF:build/tests/mocks/restaurantDataMock.js
FN:1,(anonymous_0)
FN:2,RestaurantDataMock
FN:27,(anonymous_2)
FN:30,(anonymous_3)
FNF:4
FNH:3
FNDA:1,(anonymous_0)
FNDA:1,RestaurantDataMock
FNDA:3,(anonymous_2)
FNDA:0,(anonymous_3)
DA:1,1
DA:3,1
DA:27,1
DA:28,3
DA:30,1
DA:31,0
DA:32,0
DA:34,1
DA:36,1
LF:9
LH:7
BRF:0
BRH:0
end_of_record
TN:
SF:build/tests/mocks/restaurantModelMock.js
FN:1,(anonymous_0)
FN:2,adopt
FN:2,(anonymous_2)
FN:3,(anonymous_3)
FN:4,fulfilled
FN:5,rejected
FN:6,step
FN:10,(anonymous_7)
FN:11,(anonymous_8)
FN:12,(anonymous_9)
FN:13,verb
FN:13,(anonymous_11)
FN:14,step
FN:38,(anonymous_13)
FN:39,restaurantModelMock
FN:42,(anonymous_15)
FN:45,(anonymous_16)
FN:46,(anonymous_17)
FN:55,(anonymous_18)
FN:67,(anonymous_19)
FN:69,(anonymous_20)
FN:71,(anonymous_21)
FN:77,(anonymous_22)
FN:89,(anonymous_23)
FN:93,(anonymous_24)
FN:95,(anonymous_25)
FN:103,(anonymous_26)
FN:106,(anonymous_27)
FN:118,(anonymous_28)
FN:121,(anonymous_29)
FN:123,(anonymous_30)
FN:130,(anonymous_31)
FN:131,(anonymous_32)
FNF:33
FNH:27
FNDA:5,(anonymous_0)
FNDA:0,adopt
FNDA:0,(anonymous_2)
FNDA:5,(anonymous_3)
FNDA:0,fulfilled
FNDA:0,rejected
FNDA:5,step
FNDA:5,(anonymous_7)
FNDA:0,(anonymous_8)
FNDA:0,(anonymous_9)
FNDA:15,verb
FNDA:5,(anonymous_11)
FNDA:5,step
FNDA:1,(anonymous_13)
FNDA:1,restaurantModelMock
FNDA:2,(anonymous_15)
FNDA:2,(anonymous_16)
FNDA:2,(anonymous_17)
FNDA:1,(anonymous_18)
FNDA:1,(anonymous_19)
FNDA:1,(anonymous_20)
FNDA:1,(anonymous_21)
FNDA:1,(anonymous_22)
FNDA:1,(anonymous_23)
FNDA:1,(anonymous_24)
FNDA:1,(anonymous_25)
FNDA:3,(anonymous_26)
FNDA:1,(anonymous_27)
FNDA:1,(anonymous_28)
FNDA:1,(anonymous_29)
FNDA:1,(anonymous_30)
FNDA:3,(anonymous_31)
FNDA:1,(anonymous_32)
DA:1,1
DA:2,0
DA:3,5
DA:4,0
DA:5,0
DA:6,5
DA:7,5
DA:10,1
DA:11,5
DA:12,5
DA:13,15
DA:15,5
DA:16,10
DA:17,10
DA:18,10
DA:19,10
DA:20,5
DA:21,0
DA:22,0
DA:23,0
DA:25,5
DA:26,0
DA:27,0
DA:28,0
DA:29,0
DA:30,0
DA:32,5
DA:33,10
DA:34,5
DA:37,1
DA:38,1
DA:40,1
DA:42,1
DA:43,2
DA:44,2
DA:45,2
DA:46,2
DA:47,2
DA:48,2
DA:49,1
DA:51,1
DA:52,0
DA:55,1
DA:56,1
DA:61,1
DA:63,0
DA:67,1
DA:68,1
DA:69,1
DA:70,1
DA:71,1
DA:72,1
DA:73,1
DA:74,0
DA:77,1
DA:78,1
DA:83,0
DA:85,0
DA:89,1
DA:90,1
DA:91,1
DA:92,1
DA:93,1
DA:95,1
DA:96,1
DA:97,1
DA:98,0
DA:101,1
DA:102,1
DA:103,3
DA:104,1
DA:105,1
DA:106,1
DA:107,1
DA:112,0
DA:114,0
DA:118,1
DA:119,1
DA:120,1
DA:121,1
DA:123,1
DA:124,1
DA:125,1
DA:126,0
DA:129,1
DA:130,3
DA:131,1
DA:132,1
DA:137,0
DA:139,0
DA:143,1
DA:145,1
LF:92
LH:70
BRDA:1,0,0,1
BRDA:1,0,1,1
BRDA:1,0,2,1
BRDA:2,1,0,0
BRDA:2,1,1,0
BRDA:3,2,0,5
BRDA:3,2,1,5
BRDA:6,3,0,5
BRDA:6,3,1,0
BRDA:7,4,0,5
BRDA:7,4,1,5
BRDA:10,5,0,1
BRDA:10,5,1,1
BRDA:10,5,2,1
BRDA:11,6,0,0
BRDA:11,6,1,0
BRDA:12,7,0,5
BRDA:12,7,1,5
BRDA:15,8,0,0
BRDA:15,8,1,5
BRDA:17,9,0,0
BRDA:17,9,1,10
BRDA:17,10,0,10
BRDA:17,10,1,0
BRDA:17,10,2,0
BRDA:17,11,0,0
BRDA:17,11,1,0
BRDA:17,12,0,0
BRDA:17,12,1,0
BRDA:17,13,0,0
BRDA:17,13,1,0
BRDA:17,14,0,0
BRDA:17,14,1,0
BRDA:18,15,0,0
BRDA:18,15,1,10
BRDA:19,16,0,5
BRDA:19,16,1,5
BRDA:19,16,2,0
BRDA:19,16,3,0
BRDA:19,16,4,0
BRDA:19,16,5,5
BRDA:25,17,0,5
BRDA:25,17,1,0
BRDA:25,18,0,5
BRDA:25,18,1,5
BRDA:25,18,2,5
BRDA:25,19,0,5
BRDA:25,19,1,0
BRDA:26,20,0,0
BRDA:26,20,1,0
BRDA:26,21,0,0
BRDA:26,21,1,0
BRDA:26,21,2,0
BRDA:26,21,3,0
BRDA:27,22,0,0
BRDA:27,22,1,0
BRDA:27,23,0,0
BRDA:27,23,1,0
BRDA:28,24,0,0
BRDA:28,24,1,0
BRDA:28,25,0,0
BRDA:28,25,1,0
BRDA:29,26,0,0
BRDA:29,26,1,0
BRDA:34,27,0,0
BRDA:34,27,1,5
BRDA:34,28,0,5
BRDA:34,28,1,0
BRDA:43,29,0,0
BRDA:43,29,1,2
BRDA:44,30,0,0
BRDA:44,30,1,2
BRDA:48,31,0,1
BRDA:48,31,1,1
BRDA:51,32,0,0
BRDA:51,32,1,1
BRDA:68,33,0,1
BRDA:68,33,1,0
BRDA:73,34,0,0
BRDA:73,34,1,1
BRDA:90,35,0,0
BRDA:90,35,1,1
BRDA:91,36,0,0
BRDA:91,36,1,1
BRDA:92,37,0,1
BRDA:92,37,1,0
BRDA:97,38,0,0
BRDA:97,38,1,1
BRDA:119,39,0,0
BRDA:119,39,1,1
BRDA:120,40,0,1
BRDA:120,40,1,0
BRDA:125,41,0,0
BRDA:125,41,1,1
BRF:94
BRH:41
end_of_record
TN:
SF:build/tests/mocks/userModelMock.js
FN:1,(anonymous_0)
FN:2,adopt
FN:2,(anonymous_2)
FN:3,(anonymous_3)
FN:4,fulfilled
FN:5,rejected
FN:6,step
FN:10,(anonymous_7)
FN:11,(anonymous_8)
FN:12,(anonymous_9)
FN:13,verb
FN:13,(anonymous_11)
FN:14,step
FN:38,(anonymous_13)
FN:39,userModelMock
FN:42,(anonymous_15)
FN:45,(anonymous_16)
FN:46,(anonymous_17)
FN:55,(anonymous_18)
FN:67,(anonymous_19)
FN:69,(anonymous_20)
FN:71,(anonymous_21)
FN:77,(anonymous_22)
FN:89,(anonymous_23)
FN:93,(anonymous_24)
FN:95,(anonymous_25)
FN:103,(anonymous_26)
FN:106,(anonymous_27)
FN:118,(anonymous_28)
FN:121,(anonymous_29)
FN:123,(anonymous_30)
FN:130,(anonymous_31)
FN:131,(anonymous_32)
FNF:33
FNH:27
FNDA:5,(anonymous_0)
FNDA:0,adopt
FNDA:0,(anonymous_2)
FNDA:5,(anonymous_3)
FNDA:0,fulfilled
FNDA:0,rejected
FNDA:5,step
FNDA:5,(anonymous_7)
FNDA:0,(anonymous_8)
FNDA:0,(anonymous_9)
FNDA:15,verb
FNDA:5,(anonymous_11)
FNDA:5,step
FNDA:1,(anonymous_13)
FNDA:1,userModelMock
FNDA:2,(anonymous_15)
FNDA:2,(anonymous_16)
FNDA:2,(anonymous_17)
FNDA:1,(anonymous_18)
FNDA:1,(anonymous_19)
FNDA:1,(anonymous_20)
FNDA:1,(anonymous_21)
FNDA:1,(anonymous_22)
FNDA:1,(anonymous_23)
FNDA:1,(anonymous_24)
FNDA:1,(anonymous_25)
FNDA:3,(anonymous_26)
FNDA:1,(anonymous_27)
FNDA:1,(anonymous_28)
FNDA:1,(anonymous_29)
FNDA:1,(anonymous_30)
FNDA:3,(anonymous_31)
FNDA:1,(anonymous_32)
DA:1,1
DA:2,0
DA:3,5
DA:4,0
DA:5,0
DA:6,5
DA:7,5
DA:10,1
DA:11,5
DA:12,5
DA:13,15
DA:15,5
DA:16,10
DA:17,10
DA:18,10
DA:19,10
DA:20,5
DA:21,0
DA:22,0
DA:23,0
DA:25,5
DA:26,0
DA:27,0
DA:28,0
DA:29,0
DA:30,0
DA:32,5
DA:33,10
DA:34,5
DA:37,1
DA:38,1
DA:40,1
DA:42,1
DA:43,2
DA:44,2
DA:45,2
DA:46,2
DA:47,2
DA:48,2
DA:49,1
DA:51,1
DA:52,0
DA:55,1
DA:56,1
DA:61,1
DA:63,0
DA:67,1
DA:68,1
DA:69,1
DA:70,1
DA:71,1
DA:72,1
DA:73,1
DA:74,0
DA:77,1
DA:78,1
DA:83,0
DA:85,0
DA:89,1
DA:90,1
DA:91,1
DA:92,1
DA:93,1
DA:95,1
DA:96,1
DA:97,1
DA:98,0
DA:101,1
DA:102,1
DA:103,3
DA:104,1
DA:105,1
DA:106,1
DA:107,1
DA:112,0
DA:114,0
DA:118,1
DA:119,1
DA:120,1
DA:121,1
DA:123,1
DA:124,1
DA:125,1
DA:126,0
DA:129,1
DA:130,3
DA:131,1
DA:132,1
DA:137,0
DA:139,0
DA:143,1
DA:145,1
LF:92
LH:70
BRDA:1,0,0,1
BRDA:1,0,1,1
BRDA:1,0,2,1
BRDA:2,1,0,0
BRDA:2,1,1,0
BRDA:3,2,0,5
BRDA:3,2,1,5
BRDA:6,3,0,5
BRDA:6,3,1,0
BRDA:7,4,0,5
BRDA:7,4,1,5
BRDA:10,5,0,1
BRDA:10,5,1,1
BRDA:10,5,2,1
BRDA:11,6,0,0
BRDA:11,6,1,0
BRDA:12,7,0,5
BRDA:12,7,1,5
BRDA:15,8,0,0
BRDA:15,8,1,5
BRDA:17,9,0,0
BRDA:17,9,1,10
BRDA:17,10,0,10
BRDA:17,10,1,0
BRDA:17,10,2,0
BRDA:17,11,0,0
BRDA:17,11,1,0
BRDA:17,12,0,0
BRDA:17,12,1,0
BRDA:17,13,0,0
BRDA:17,13,1,0
BRDA:17,14,0,0
BRDA:17,14,1,0
BRDA:18,15,0,0
BRDA:18,15,1,10
BRDA:19,16,0,5
BRDA:19,16,1,5
BRDA:19,16,2,0
BRDA:19,16,3,0
BRDA:19,16,4,0
BRDA:19,16,5,5
BRDA:25,17,0,5
BRDA:25,17,1,0
BRDA:25,18,0,5
BRDA:25,18,1,5
BRDA:25,18,2,5
BRDA:25,19,0,5
BRDA:25,19,1,0
BRDA:26,20,0,0
BRDA:26,20,1,0
BRDA:26,21,0,0
BRDA:26,21,1,0
BRDA:26,21,2,0
BRDA:26,21,3,0
BRDA:27,22,0,0
BRDA:27,22,1,0
BRDA:27,23,0,0
BRDA:27,23,1,0
BRDA:28,24,0,0
BRDA:28,24,1,0
BRDA:28,25,0,0
BRDA:28,25,1,0
BRDA:29,26,0,0
BRDA:29,26,1,0
BRDA:34,27,0,0
BRDA:34,27,1,5
BRDA:34,28,0,5
BRDA:34,28,1,0
BRDA:43,29,0,0
BRDA:43,29,1,2
BRDA:44,30,0,0
BRDA:44,30,1,2
BRDA:48,31,0,1
BRDA:48,31,1,1
BRDA:51,32,0,0
BRDA:51,32,1,1
BRDA:68,33,0,1
BRDA:68,33,1,0
BRDA:73,34,0,0
BRDA:73,34,1,1
BRDA:90,35,0,0
BRDA:90,35,1,1
BRDA:91,36,0,0
BRDA:91,36,1,1
BRDA:92,37,0,1
BRDA:92,37,1,0
BRDA:97,38,0,0
BRDA:97,38,1,1
BRDA:119,39,0,0
BRDA:119,39,1,1
BRDA:120,40,0,1
BRDA:120,40,1,0
BRDA:125,41,0,0
BRDA:125,41,1,1
BRF:94
BRH:41
end_of_record
TN:
SF:build/tests/mocks/usersDataMock.js
FN:1,(anonymous_0)
FN:2,UserDataMock
FN:30,(anonymous_2)
FN:33,(anonymous_3)
FNF:4
FNH:3
FNDA:1,(anonymous_0)
FNDA:1,UserDataMock
FNDA:3,(anonymous_2)
FNDA:0,(anonymous_3)
DA:1,1
DA:3,1
DA:30,1
DA:31,3
DA:33,1
DA:34,0
DA:35,0
DA:37,1
DA:39,1
LF:9
LH:7
BRF:0
BRH:0
end_of_record
